2025/09/15 12:00:55 ERROR : Local file system at /data/data/com.termux/files/home/promptunivers-site/public/logo: error reading source root directory: directory not found
2025/09/15 12:00:55 ERROR : Google drive root 'PromptUnivers/branding/logo': not deleting files as there were IO errors
2025/09/15 12:00:55 ERROR : Google drive root 'PromptUnivers/branding/logo': not deleting directories as there were IO errors
2025/09/15 12:00:55 ERROR : Attempt 1/3 failed with 1 errors and: directory not found
2025/09/15 12:00:55 ERROR : Local file system at /data/data/com.termux/files/home/promptunivers-site/public/logo: error reading source root directory: directory not found
2025/09/15 12:00:55 ERROR : Google drive root 'PromptUnivers/branding/logo': not deleting files as there were IO errors
2025/09/15 12:00:55 ERROR : Google drive root 'PromptUnivers/branding/logo': not deleting directories as there were IO errors
2025/09/15 12:00:55 ERROR : Attempt 2/3 failed with 1 errors and: directory not found
2025/09/15 12:00:55 ERROR : Local file system at /data/data/com.termux/files/home/promptunivers-site/public/logo: error reading source root directory: directory not found
2025/09/15 12:00:55 ERROR : Google drive root 'PromptUnivers/branding/logo': not deleting files as there were IO errors
2025/09/15 12:00:55 ERROR : Google drive root 'PromptUnivers/branding/logo': not deleting directories as there were IO errors
2025/09/15 12:00:55 ERROR : Attempt 3/3 failed with 1 errors and: directory not found
2025/09/15 12:00:55 NOTICE: Failed to sync: directory not found
2025/09/15 13:00:36 ERROR : Local file system at /data/data/com.termux/files/home/promptunivers-site/public/logo: error reading source root directory: directory not found
2025/09/15 13:00:36 ERROR : Google drive root 'PromptUnivers/branding/logo': not deleting files as there were IO errors
2025/09/15 13:00:36 ERROR : Google drive root 'PromptUnivers/branding/logo': not deleting directories as there were IO errors
2025/09/15 13:00:36 ERROR : Attempt 1/3 failed with 1 errors and: directory not found
2025/09/15 13:00:36 ERROR : Local file system at /data/data/com.termux/files/home/promptunivers-site/public/logo: error reading source root directory: directory not found
2025/09/15 13:00:36 ERROR : Google drive root 'PromptUnivers/branding/logo': not deleting files as there were IO errors
2025/09/15 13:00:36 ERROR : Google drive root 'PromptUnivers/branding/logo': not deleting directories as there were IO errors
2025/09/15 13:00:36 ERROR : Attempt 2/3 failed with 1 errors and: directory not found
2025/09/15 13:00:36 ERROR : Local file system at /data/data/com.termux/files/home/promptunivers-site/public/logo: error reading source root directory: directory not found
2025/09/15 13:00:36 ERROR : Google drive root 'PromptUnivers/branding/logo': not deleting files as there were IO errors
2025/09/15 13:00:36 ERROR : Google drive root 'PromptUnivers/branding/logo': not deleting directories as there were IO errors
2025/09/15 13:00:36 ERROR : Attempt 3/3 failed with 1 errors and: directory not found
2025/09/15 13:00:36 NOTICE: Failed to sync: directory not found
2025/09/15 14:00:52 ERROR : Local file system at /data/data/com.termux/files/home/promptunivers-site/public/logo: error reading source root directory: directory not found
2025/09/15 14:00:52 ERROR : Google drive root 'PromptUnivers/branding/logo': not deleting files as there were IO errors
2025/09/15 14:00:52 ERROR : Google drive root 'PromptUnivers/branding/logo': not deleting directories as there were IO errors
2025/09/15 14:00:52 ERROR : Attempt 1/3 failed with 1 errors and: directory not found
2025/09/15 14:00:52 ERROR : Local file system at /data/data/com.termux/files/home/promptunivers-site/public/logo: error reading source root directory: directory not found
2025/09/15 14:00:52 ERROR : Google drive root 'PromptUnivers/branding/logo': not deleting files as there were IO errors
2025/09/15 14:00:52 ERROR : Google drive root 'PromptUnivers/branding/logo': not deleting directories as there were IO errors
2025/09/15 14:00:52 ERROR : Attempt 2/3 failed with 1 errors and: directory not found
2025/09/15 14:00:52 ERROR : Local file system at /data/data/com.termux/files/home/promptunivers-site/public/logo: error reading source root directory: directory not found
2025/09/15 14:00:52 ERROR : Google drive root 'PromptUnivers/branding/logo': not deleting files as there were IO errors
2025/09/15 14:00:52 ERROR : Google drive root 'PromptUnivers/branding/logo': not deleting directories as there were IO errors
2025/09/15 14:00:52 ERROR : Attempt 3/3 failed with 1 errors and: directory not found
2025/09/15 14:00:52 NOTICE: Failed to sync: directory not found
2025/09/15 15:00:01 ERROR : Local file system at /data/data/com.termux/files/home/promptunivers-site/public/logo: error reading source root directory: directory not found
2025/09/15 15:00:01 ERROR : Google drive root 'PromptUnivers/branding/logo': not deleting files as there were IO errors
2025/09/15 15:00:01 ERROR : Google drive root 'PromptUnivers/branding/logo': not deleting directories as there were IO errors
2025/09/15 15:00:01 ERROR : Attempt 1/3 failed with 1 errors and: directory not found
2025/09/15 15:00:01 ERROR : Local file system at /data/data/com.termux/files/home/promptunivers-site/public/logo: error reading source root directory: directory not found
2025/09/15 15:00:01 ERROR : Google drive root 'PromptUnivers/branding/logo': not deleting files as there were IO errors
2025/09/15 15:00:01 ERROR : Google drive root 'PromptUnivers/branding/logo': not deleting directories as there were IO errors
2025/09/15 15:00:01 ERROR : Attempt 2/3 failed with 1 errors and: directory not found
2025/09/15 15:00:01 ERROR : Local file system at /data/data/com.termux/files/home/promptunivers-site/public/logo: error reading source root directory: directory not found
2025/09/15 15:00:01 ERROR : Google drive root 'PromptUnivers/branding/logo': not deleting files as there were IO errors
2025/09/15 15:00:01 ERROR : Google drive root 'PromptUnivers/branding/logo': not deleting directories as there were IO errors
2025/09/15 15:00:01 ERROR : Attempt 3/3 failed with 1 errors and: directory not found
2025/09/15 15:00:01 NOTICE: Failed to sync: directory not found
2025/09/15 16:00:01 ERROR : Local file system at /data/data/com.termux/files/home/promptunivers-site/public/logo: error reading source root directory: directory not found
2025/09/15 16:00:01 ERROR : Google drive root 'PromptUnivers/branding/logo': not deleting files as there were IO errors
2025/09/15 16:00:01 ERROR : Google drive root 'PromptUnivers/branding/logo': not deleting directories as there were IO errors
2025/09/15 16:00:01 ERROR : Attempt 1/3 failed with 1 errors and: directory not found
2025/09/15 16:00:01 ERROR : Local file system at /data/data/com.termux/files/home/promptunivers-site/public/logo: error reading source root directory: directory not found
2025/09/15 16:00:01 ERROR : Google drive root 'PromptUnivers/branding/logo': not deleting files as there were IO errors
2025/09/15 16:00:01 ERROR : Google drive root 'PromptUnivers/branding/logo': not deleting directories as there were IO errors
2025/09/15 16:00:01 ERROR : Attempt 2/3 failed with 1 errors and: directory not found
2025/09/15 16:00:02 ERROR : Local file system at /data/data/com.termux/files/home/promptunivers-site/public/logo: error reading source root directory: directory not found
2025/09/15 16:00:02 ERROR : Google drive root 'PromptUnivers/branding/logo': not deleting files as there were IO errors
2025/09/15 16:00:02 ERROR : Google drive root 'PromptUnivers/branding/logo': not deleting directories as there were IO errors
2025/09/15 16:00:02 ERROR : Attempt 3/3 failed with 1 errors and: directory not found
2025/09/15 16:00:02 NOTICE: Failed to sync: directory not found
2025/09/15 17:00:02 ERROR : Local file system at /data/data/com.termux/files/home/promptunivers-site/public/logo: error reading source root directory: directory not found
2025/09/15 17:00:02 ERROR : Google drive root 'PromptUnivers/branding/logo': not deleting files as there were IO errors
2025/09/15 17:00:02 ERROR : Google drive root 'PromptUnivers/branding/logo': not deleting directories as there were IO errors
2025/09/15 17:00:02 ERROR : Attempt 1/3 failed with 1 errors and: directory not found
2025/09/15 17:00:02 ERROR : Local file system at /data/data/com.termux/files/home/promptunivers-site/public/logo: error reading source root directory: directory not found
2025/09/15 17:00:02 ERROR : Google drive root 'PromptUnivers/branding/logo': not deleting files as there were IO errors
2025/09/15 17:00:02 ERROR : Google drive root 'PromptUnivers/branding/logo': not deleting directories as there were IO errors
2025/09/15 17:00:02 ERROR : Attempt 2/3 failed with 1 errors and: directory not found
2025/09/15 17:00:02 ERROR : Local file system at /data/data/com.termux/files/home/promptunivers-site/public/logo: error reading source root directory: directory not found
2025/09/15 17:00:02 ERROR : Google drive root 'PromptUnivers/branding/logo': not deleting files as there were IO errors
2025/09/15 17:00:02 ERROR : Google drive root 'PromptUnivers/branding/logo': not deleting directories as there were IO errors
2025/09/15 17:00:02 ERROR : Attempt 3/3 failed with 1 errors and: directory not found
2025/09/15 17:00:02 NOTICE: Failed to sync: directory not found
2025/09/15 18:01:01 ERROR : Local file system at /data/data/com.termux/files/home/promptunivers-site/public/logo: error reading source root directory: directory not found
2025/09/15 18:01:01 ERROR : Google drive root 'PromptUnivers/branding/logo': not deleting files as there were IO errors
2025/09/15 18:01:01 ERROR : Google drive root 'PromptUnivers/branding/logo': not deleting directories as there were IO errors
2025/09/15 18:01:01 ERROR : Attempt 1/3 failed with 1 errors and: directory not found
2025/09/15 18:01:01 ERROR : Local file system at /data/data/com.termux/files/home/promptunivers-site/public/logo: error reading source root directory: directory not found
2025/09/15 18:01:01 ERROR : Google drive root 'PromptUnivers/branding/logo': not deleting files as there were IO errors
2025/09/15 18:01:01 ERROR : Google drive root 'PromptUnivers/branding/logo': not deleting directories as there were IO errors
2025/09/15 18:01:01 ERROR : Attempt 2/3 failed with 1 errors and: directory not found
2025/09/15 18:01:01 ERROR : Local file system at /data/data/com.termux/files/home/promptunivers-site/public/logo: error reading source root directory: directory not found
2025/09/15 18:01:01 ERROR : Google drive root 'PromptUnivers/branding/logo': not deleting files as there were IO errors
2025/09/15 18:01:01 ERROR : Google drive root 'PromptUnivers/branding/logo': not deleting directories as there were IO errors
2025/09/15 18:01:01 ERROR : Attempt 3/3 failed with 1 errors and: directory not found
2025/09/15 18:01:01 NOTICE: Failed to sync: directory not found
2025/09/15 19:00:02 ERROR : Local file system at /data/data/com.termux/files/home/promptunivers-site/public/logo: error reading source root directory: directory not found
2025/09/15 19:00:02 ERROR : Google drive root 'PromptUnivers/branding/logo': not deleting files as there were IO errors
2025/09/15 19:00:02 ERROR : Google drive root 'PromptUnivers/branding/logo': not deleting directories as there were IO errors
2025/09/15 19:00:02 ERROR : Attempt 1/3 failed with 1 errors and: directory not found
2025/09/15 19:00:02 ERROR : Local file system at /data/data/com.termux/files/home/promptunivers-site/public/logo: error reading source root directory: directory not found
2025/09/15 19:00:02 ERROR : Google drive root 'PromptUnivers/branding/logo': not deleting files as there were IO errors
2025/09/15 19:00:02 ERROR : Google drive root 'PromptUnivers/branding/logo': not deleting directories as there were IO errors
2025/09/15 19:00:02 ERROR : Attempt 2/3 failed with 1 errors and: directory not found
2025/09/15 19:00:02 ERROR : Local file system at /data/data/com.termux/files/home/promptunivers-site/public/logo: error reading source root directory: directory not found
2025/09/15 19:00:02 ERROR : Google drive root 'PromptUnivers/branding/logo': not deleting files as there were IO errors
2025/09/15 19:00:02 ERROR : Google drive root 'PromptUnivers/branding/logo': not deleting directories as there were IO errors
2025/09/15 19:00:02 ERROR : Attempt 3/3 failed with 1 errors and: directory not found
2025/09/15 19:00:02 NOTICE: Failed to sync: directory not found
2025/09/15 21:00:02 ERROR : Local file system at /data/data/com.termux/files/home/promptunivers-site/public/logo: error reading source root directory: directory not found
2025/09/15 21:00:02 ERROR : Google drive root 'PromptUnivers/branding/logo': not deleting files as there were IO errors
2025/09/15 21:00:02 ERROR : Google drive root 'PromptUnivers/branding/logo': not deleting directories as there were IO errors
2025/09/15 21:00:02 ERROR : Attempt 1/3 failed with 1 errors and: directory not found
2025/09/15 21:00:02 ERROR : Local file system at /data/data/com.termux/files/home/promptunivers-site/public/logo: error reading source root directory: directory not found
2025/09/15 21:00:02 ERROR : Google drive root 'PromptUnivers/branding/logo': not deleting files as there were IO errors
2025/09/15 21:00:02 ERROR : Google drive root 'PromptUnivers/branding/logo': not deleting directories as there were IO errors
2025/09/15 21:00:02 ERROR : Attempt 2/3 failed with 1 errors and: directory not found
2025/09/15 21:00:02 ERROR : Local file system at /data/data/com.termux/files/home/promptunivers-site/public/logo: error reading source root directory: directory not found
2025/09/15 21:00:02 ERROR : Google drive root 'PromptUnivers/branding/logo': not deleting files as there were IO errors
2025/09/15 21:00:02 ERROR : Google drive root 'PromptUnivers/branding/logo': not deleting directories as there were IO errors
2025/09/15 21:00:02 ERROR : Attempt 3/3 failed with 1 errors and: directory not found
2025/09/15 21:00:02 NOTICE: Failed to sync: directory not found
2025/09/15 22:00:02 ERROR : Local file system at /data/data/com.termux/files/home/promptunivers-site/public/logo: error reading source root directory: directory not found
2025/09/15 22:00:02 ERROR : Google drive root 'PromptUnivers/branding/logo': not deleting files as there were IO errors
2025/09/15 22:00:02 ERROR : Google drive root 'PromptUnivers/branding/logo': not deleting directories as there were IO errors
2025/09/15 22:00:02 ERROR : Attempt 1/3 failed with 1 errors and: directory not found
2025/09/15 22:00:03 ERROR : Local file system at /data/data/com.termux/files/home/promptunivers-site/public/logo: error reading source root directory: directory not found
2025/09/15 22:00:03 ERROR : Google drive root 'PromptUnivers/branding/logo': not deleting files as there were IO errors
2025/09/15 22:00:03 ERROR : Google drive root 'PromptUnivers/branding/logo': not deleting directories as there were IO errors
2025/09/15 22:00:03 ERROR : Attempt 2/3 failed with 1 errors and: directory not found
2025/09/15 22:00:03 ERROR : Local file system at /data/data/com.termux/files/home/promptunivers-site/public/logo: error reading source root directory: directory not found
2025/09/15 22:00:03 ERROR : Google drive root 'PromptUnivers/branding/logo': not deleting files as there were IO errors
2025/09/15 22:00:03 ERROR : Google drive root 'PromptUnivers/branding/logo': not deleting directories as there were IO errors
2025/09/15 22:00:03 ERROR : Attempt 3/3 failed with 1 errors and: directory not found
2025/09/15 22:00:03 NOTICE: Failed to sync: directory not found
2025/09/15 23:03:36 ERROR : Local file system at /data/data/com.termux/files/home/promptunivers-site/public/logo: error reading source root directory: directory not found
2025/09/15 23:03:36 ERROR : Google drive root 'PromptUnivers/branding/logo': not deleting files as there were IO errors
2025/09/15 23:03:36 ERROR : Google drive root 'PromptUnivers/branding/logo': not deleting directories as there were IO errors
2025/09/15 23:03:36 ERROR : Attempt 1/3 failed with 1 errors and: directory not found
2025/09/15 23:03:36 ERROR : Local file system at /data/data/com.termux/files/home/promptunivers-site/public/logo: error reading source root directory: directory not found
2025/09/15 23:03:36 ERROR : Google drive root 'PromptUnivers/branding/logo': not deleting files as there were IO errors
2025/09/15 23:03:36 ERROR : Google drive root 'PromptUnivers/branding/logo': not deleting directories as there were IO errors
2025/09/15 23:03:36 ERROR : Attempt 2/3 failed with 1 errors and: directory not found
2025/09/15 23:03:37 ERROR : Local file system at /data/data/com.termux/files/home/promptunivers-site/public/logo: error reading source root directory: directory not found
2025/09/15 23:03:37 ERROR : Google drive root 'PromptUnivers/branding/logo': not deleting files as there were IO errors
2025/09/15 23:03:37 ERROR : Google drive root 'PromptUnivers/branding/logo': not deleting directories as there were IO errors
2025/09/15 23:03:37 ERROR : Attempt 3/3 failed with 1 errors and: directory not found
2025/09/15 23:03:37 NOTICE: Failed to sync: directory not found
