2025/09/16 05:04:46 NOTICE: node_modules/tailwindcss: Can't follow symlink without -L/--copy-links
2025/09/16 05:04:46 NOTICE: node_modules/postcss: Can't follow symlink without -L/--copy-links
2025/09/16 05:04:46 NOTICE: node_modules/autoprefixer: Can't follow symlink without -L/--copy-links
2025/09/16 05:04:46 NOTICE: node_modules/postcss-loader: Can't follow symlink without -L/--copy-links
2025/09/16 05:04:46 NOTICE: node_modules/react: Can't follow symlink without -L/--copy-links
2025/09/16 05:04:46 NOTICE: node_modules/react-dom: Can't follow symlink without -L/--copy-links
2025/09/16 05:04:46 NOTICE: node_modules/typescript: Can't follow symlink without -L/--copy-links
2025/09/16 05:04:46 NOTICE: node_modules/eslint: Can't follow symlink without -L/--copy-links
2025/09/16 05:04:46 NOTICE: node_modules/next: Can't follow symlink without -L/--copy-links
2025/09/16 05:04:50 NOTICE: node_modules/@tailwindcss/postcss: Can't follow symlink without -L/--copy-links
2025/09/16 05:04:50 NOTICE: node_modules/@types/node: Can't follow symlink without -L/--copy-links
2025/09/16 05:04:50 NOTICE: node_modules/@types/react: Can't follow symlink without -L/--copy-links
2025/09/16 05:46:34 NOTICE: node_modules/.pnpm/@eslint+config-array@0.21.0/node_modules/debug: Can't follow symlink without -L/--copy-links
2025/09/16 05:46:34 NOTICE: node_modules/.pnpm/@eslint+config-array@0.21.0/node_modules/minimatch: Can't follow symlink without -L/--copy-links
2025/09/16 05:46:35 NOTICE: node_modules/.pnpm/@eslint+eslintrc@3.3.1/node_modules/ajv: Can't follow symlink without -L/--copy-links
2025/09/16 05:46:35 NOTICE: node_modules/.pnpm/@eslint+eslintrc@3.3.1/node_modules/debug: Can't follow symlink without -L/--copy-links
2025/09/16 05:46:35 NOTICE: node_modules/.pnpm/@eslint+eslintrc@3.3.1/node_modules/espree: Can't follow symlink without -L/--copy-links
2025/09/16 05:46:35 NOTICE: node_modules/.pnpm/@eslint+eslintrc@3.3.1/node_modules/ignore: Can't follow symlink without -L/--copy-links
2025/09/16 05:46:35 NOTICE: node_modules/.pnpm/@eslint+eslintrc@3.3.1/node_modules/js-yaml: Can't follow symlink without -L/--copy-links
2025/09/16 05:46:35 NOTICE: node_modules/.pnpm/@eslint+eslintrc@3.3.1/node_modules/minimatch: Can't follow symlink without -L/--copy-links
2025/09/16 05:46:35 NOTICE: node_modules/.pnpm/@eslint+eslintrc@3.3.1/node_modules/import-fresh: Can't follow symlink without -L/--copy-links
2025/09/16 05:46:35 NOTICE: node_modules/.pnpm/@eslint+eslintrc@3.3.1/node_modules/strip-json-comments: Can't follow symlink without -L/--copy-links
2025/09/16 05:46:35 NOTICE: node_modules/.pnpm/@eslint+eslintrc@3.3.1/node_modules/globals: Can't follow symlink without -L/--copy-links
2025/09/16 05:46:35 NOTICE: node_modules/.pnpm/@babel+code-frame@7.27.1/node_modules/js-tokens: Can't follow symlink without -L/--copy-links
2025/09/16 05:46:35 NOTICE: node_modules/.pnpm/@babel+code-frame@7.27.1/node_modules/picocolors: Can't follow symlink without -L/--copy-links
2025/09/16 05:46:35 NOTICE: node_modules/.pnpm/@eslint+plugin-kit@0.3.5/node_modules/levn: Can't follow symlink without -L/--copy-links
2025/09/16 05:46:36 NOTICE: node_modules/.pnpm/@eslint-community+eslint-utils@4.9.0_eslint@9.35.0_jiti@2.5.1_/node_modules/eslint-visitor-keys: Can't follow symlink without -L/--copy-links
2025/09/16 05:46:36 NOTICE: node_modules/.pnpm/@eslint-community+eslint-utils@4.9.0_eslint@9.35.0_jiti@2.5.1_/node_modules/eslint: Can't follow symlink without -L/--copy-links
2025/09/16 05:46:38 NOTICE: node_modules/.pnpm/@isaacs+cliui@8.0.2/node_modules/string-width: Can't follow symlink without -L/--copy-links
2025/09/16 05:46:38 NOTICE: node_modules/.pnpm/@isaacs+cliui@8.0.2/node_modules/string-width-cjs: Can't follow symlink without -L/--copy-links
2025/09/16 05:46:38 NOTICE: node_modules/.pnpm/@isaacs+cliui@8.0.2/node_modules/strip-ansi: Can't follow symlink without -L/--copy-links
2025/09/16 05:46:38 NOTICE: node_modules/.pnpm/@isaacs+cliui@8.0.2/node_modules/strip-ansi-cjs: Can't follow symlink without -L/--copy-links
2025/09/16 05:46:38 NOTICE: node_modules/.pnpm/@isaacs+cliui@8.0.2/node_modules/wrap-ansi: Can't follow symlink without -L/--copy-links
2025/09/16 05:46:38 NOTICE: node_modules/.pnpm/@isaacs+cliui@8.0.2/node_modules/wrap-ansi-cjs: Can't follow symlink without -L/--copy-links
2025/09/16 05:46:39 NOTICE: node_modules/.pnpm/@isaacs+fs-minipass@4.0.1/node_modules/minipass: Can't follow symlink without -L/--copy-links
2025/09/16 05:46:40 NOTICE: node_modules/.pnpm/@eslint+config-array@0.21.0/node_modules/@eslint/object-schema: Can't follow symlink without -L/--copy-links
2025/09/16 05:46:41 NOTICE: node_modules/.pnpm/@babel+code-frame@7.27.1/node_modules/@babel/helper-validator-identifier: Can't follow symlink without -L/--copy-links
2025/09/16 05:46:42 NOTICE: node_modules/.pnpm/@eslint+plugin-kit@0.3.5/node_modules/@eslint/core: Can't follow symlink without -L/--copy-links
2025/09/16 05:46:47 NOTICE: node_modules/.pnpm/@humanfs+node@0.16.7/node_modules/@humanfs/core: Can't follow symlink without -L/--copy-links
2025/09/16 05:46:47 NOTICE: node_modules/.pnpm/@eslint+core@0.15.2/node_modules/@types/json-schema: Can't follow symlink without -L/--copy-links
2025/09/16 05:46:48 NOTICE: node_modules/.pnpm/@jridgewell+gen-mapping@0.3.13/node_modules/@jridgewell/sourcemap-codec: Can't follow symlink without -L/--copy-links
2025/09/16 05:46:48 NOTICE: node_modules/.pnpm/@jridgewell+gen-mapping@0.3.13/node_modules/@jridgewell/trace-mapping: Can't follow symlink without -L/--copy-links
2025/09/16 05:46:48 NOTICE: node_modules/.pnpm/@jridgewell+remapping@2.3.5/node_modules/@jridgewell/gen-mapping: Can't follow symlink without -L/--copy-links
2025/09/16 05:46:48 NOTICE: node_modules/.pnpm/@jridgewell+remapping@2.3.5/node_modules/@jridgewell/trace-mapping: Can't follow symlink without -L/--copy-links
2025/09/16 05:46:49 NOTICE: node_modules/.pnpm/@humanfs+node@0.16.7/node_modules/@humanwhocodes/retry: Can't follow symlink without -L/--copy-links
2025/09/16 05:46:50 NOTICE: node_modules/.pnpm/@nodelib+fs.scandir@2.1.5/node_modules/run-parallel: Can't follow symlink without -L/--copy-links
2025/09/16 05:46:52 NOTICE: node_modules/.pnpm/@jridgewell+trace-mapping@0.3.31/node_modules/@jridgewell/sourcemap-codec: Can't follow symlink without -L/--copy-links
2025/09/16 05:46:52 NOTICE: node_modules/.pnpm/@jridgewell+trace-mapping@0.3.31/node_modules/@jridgewell/resolve-uri: Can't follow symlink without -L/--copy-links
2025/09/16 05:46:55 NOTICE: node_modules/.pnpm/@nodelib+fs.walk@1.2.8/node_modules/fastq: Can't follow symlink without -L/--copy-links
2025/09/16 05:46:56 NOTICE: node_modules/.pnpm/@nodelib+fs.scandir@2.1.5/node_modules/@nodelib/fs.stat: Can't follow symlink without -L/--copy-links
2025/09/16 05:46:58 NOTICE: node_modules/.pnpm/@swc+helpers@0.5.15/node_modules/tslib: Can't follow symlink without -L/--copy-links
2025/09/16 05:46:58 NOTICE: node_modules/.pnpm/@nodelib+fs.walk@1.2.8/node_modules/@nodelib/fs.scandir: Can't follow symlink without -L/--copy-links
2025/09/16 05:46:59 NOTICE: node_modules/.pnpm/@tailwindcss+node@4.1.13/node_modules/jiti: Can't follow symlink without -L/--copy-links
2025/09/16 05:46:59 NOTICE: node_modules/.pnpm/@tailwindcss+node@4.1.13/node_modules/source-map-js: Can't follow symlink without -L/--copy-links
2025/09/16 05:46:59 NOTICE: node_modules/.pnpm/@tailwindcss+node@4.1.13/node_modules/lightningcss: Can't follow symlink without -L/--copy-links
2025/09/16 05:46:59 NOTICE: node_modules/.pnpm/@tailwindcss+node@4.1.13/node_modules/tailwindcss: Can't follow symlink without -L/--copy-links
2025/09/16 05:46:59 NOTICE: node_modules/.pnpm/@tailwindcss+node@4.1.13/node_modules/magic-string: Can't follow symlink without -L/--copy-links
2025/09/16 05:46:59 NOTICE: node_modules/.pnpm/@tailwindcss+node@4.1.13/node_modules/enhanced-resolve: Can't follow symlink without -L/--copy-links
2025/09/16 05:47:01 NOTICE: node_modules/.pnpm/@tailwindcss+oxide@4.1.13/node_modules/detect-libc: Can't follow symlink without -L/--copy-links
2025/09/16 05:47:01 NOTICE: node_modules/.pnpm/@tailwindcss+oxide@4.1.13/node_modules/tar: Can't follow symlink without -L/--copy-links
2025/09/16 05:47:02 NOTICE: node_modules/.pnpm/@tailwindcss+postcss@4.1.13/node_modules/tailwindcss: Can't follow symlink without -L/--copy-links
2025/09/16 05:47:02 NOTICE: node_modules/.pnpm/@tailwindcss+postcss@4.1.13/node_modules/postcss: Can't follow symlink without -L/--copy-links
2025/09/16 05:47:09 NOTICE: node_modules/.pnpm/@tailwindcss+node@4.1.13/node_modules/@jridgewell/remapping: Can't follow symlink without -L/--copy-links
2025/09/16 05:47:18 NOTICE: node_modules/.pnpm/@tailwindcss+oxide@4.1.13/node_modules/@tailwindcss/oxide-android-arm64: Can't follow symlink without -L/--copy-links
2025/09/16 05:47:25 NOTICE: node_modules/.pnpm/@types+node@24.4.0/node_modules/undici-types: Can't follow symlink without -L/--copy-links
2025/09/16 05:47:27 NOTICE: node_modules/.pnpm/@types+react@19.1.13/node_modules/csstype: Can't follow symlink without -L/--copy-links
2025/09/16 05:47:28 NOTICE: node_modules/.pnpm/acorn-jsx@5.3.2_acorn@8.15.0/node_modules/acorn: Can't follow symlink without -L/--copy-links
2025/09/16 05:47:28 NOTICE: node_modules/.pnpm/@tailwindcss+postcss@4.1.13/node_modules/@alloc/quick-lru: Can't follow symlink without -L/--copy-links
2025/09/16 05:47:32 NOTICE: node_modules/.pnpm/@tailwindcss+postcss@4.1.13/node_modules/@tailwindcss/node: Can't follow symlink without -L/--copy-links
2025/09/16 05:47:32 NOTICE: node_modules/.pnpm/@tailwindcss+postcss@4.1.13/node_modules/@tailwindcss/oxide: Can't follow symlink without -L/--copy-links
2025/09/16 05:47:33 NOTICE: node_modules/.pnpm/ajv@6.12.6/node_modules/fast-deep-equal: Can't follow symlink without -L/--copy-links
2025/09/16 05:47:33 NOTICE: node_modules/.pnpm/ajv@6.12.6/node_modules/fast-json-stable-stringify: Can't follow symlink without -L/--copy-links
2025/09/16 05:47:33 NOTICE: node_modules/.pnpm/ajv@6.12.6/node_modules/json-schema-traverse: Can't follow symlink without -L/--copy-links
2025/09/16 05:47:33 NOTICE: node_modules/.pnpm/ajv@6.12.6/node_modules/uri-js: Can't follow symlink without -L/--copy-links
2025/09/16 05:47:41 NOTICE: node_modules/.pnpm/ansi-styles@4.3.0/node_modules/color-convert: Can't follow symlink without -L/--copy-links
2025/09/16 05:47:46 NOTICE: node_modules/.pnpm/anymatch@3.1.3/node_modules/picomatch: Can't follow symlink without -L/--copy-links
2025/09/16 05:47:46 NOTICE: node_modules/.pnpm/anymatch@3.1.3/node_modules/normalize-path: Can't follow symlink without -L/--copy-links
2025/09/16 05:47:48 NOTICE: node_modules/.pnpm/autoprefixer@10.4.20_postcss@8.4.47/node_modules/picocolors: Can't follow symlink without -L/--copy-links
2025/09/16 05:47:48 NOTICE: node_modules/.pnpm/autoprefixer@10.4.20_postcss@8.4.47/node_modules/normalize-range: Can't follow symlink without -L/--copy-links
2025/09/16 05:47:48 NOTICE: node_modules/.pnpm/autoprefixer@10.4.20_postcss@8.4.47/node_modules/fraction.js: Can't follow symlink without -L/--copy-links
2025/09/16 05:47:48 NOTICE: node_modules/.pnpm/autoprefixer@10.4.20_postcss@8.4.47/node_modules/postcss-value-parser: Can't follow symlink without -L/--copy-links
2025/09/16 05:47:48 NOTICE: node_modules/.pnpm/autoprefixer@10.4.20_postcss@8.4.47/node_modules/browserslist: Can't follow symlink without -L/--copy-links
2025/09/16 05:47:48 NOTICE: node_modules/.pnpm/autoprefixer@10.4.20_postcss@8.4.47/node_modules/caniuse-lite: Can't follow symlink without -L/--copy-links
2025/09/16 05:47:48 NOTICE: node_modules/.pnpm/autoprefixer@10.4.20_postcss@8.4.47/node_modules/postcss: Can't follow symlink without -L/--copy-links
2025/09/16 05:47:50 NOTICE: node_modules/.pnpm/autoprefixer@10.4.21_postcss@8.5.6/node_modules/picocolors: Can't follow symlink without -L/--copy-links
2025/09/16 05:47:50 NOTICE: node_modules/.pnpm/autoprefixer@10.4.21_postcss@8.5.6/node_modules/normalize-range: Can't follow symlink without -L/--copy-links
2025/09/16 05:47:50 NOTICE: node_modules/.pnpm/autoprefixer@10.4.21_postcss@8.5.6/node_modules/fraction.js: Can't follow symlink without -L/--copy-links
2025/09/16 05:47:50 NOTICE: node_modules/.pnpm/autoprefixer@10.4.21_postcss@8.5.6/node_modules/browserslist: Can't follow symlink without -L/--copy-links
2025/09/16 05:47:50 NOTICE: node_modules/.pnpm/autoprefixer@10.4.21_postcss@8.5.6/node_modules/postcss-value-parser: Can't follow symlink without -L/--copy-links
2025/09/16 05:47:50 NOTICE: node_modules/.pnpm/autoprefixer@10.4.21_postcss@8.5.6/node_modules/caniuse-lite: Can't follow symlink without -L/--copy-links
2025/09/16 05:47:50 NOTICE: node_modules/.pnpm/autoprefixer@10.4.21_postcss@8.5.6/node_modules/postcss: Can't follow symlink without -L/--copy-links
2025/09/16 05:47:54 NOTICE: node_modules/.pnpm/brace-expansion@1.1.12/node_modules/concat-map: Can't follow symlink without -L/--copy-links
2025/09/16 05:47:54 NOTICE: node_modules/.pnpm/brace-expansion@1.1.12/node_modules/balanced-match: Can't follow symlink without -L/--copy-links
2025/09/16 05:47:57 NOTICE: node_modules/.pnpm/brace-expansion@2.0.2/node_modules/balanced-match: Can't follow symlink without -L/--copy-links
2025/09/16 05:47:57 NOTICE: node_modules/.pnpm/braces@3.0.3/node_modules/fill-range: Can't follow symlink without -L/--copy-links
2025/09/16 05:47:58 NOTICE: node_modules/.pnpm/browserslist@4.26.0/node_modules/caniuse-lite: Can't follow symlink without -L/--copy-links
2025/09/16 05:47:58 NOTICE: node_modules/.pnpm/browserslist@4.26.0/node_modules/baseline-browser-mapping: Can't follow symlink without -L/--copy-links
2025/09/16 05:47:58 NOTICE: node_modules/.pnpm/browserslist@4.26.0/node_modules/update-browserslist-db: Can't follow symlink without -L/--copy-links
2025/09/16 05:47:58 NOTICE: node_modules/.pnpm/browserslist@4.26.0/node_modules/node-releases: Can't follow symlink without -L/--copy-links
2025/09/16 05:47:58 NOTICE: node_modules/.pnpm/browserslist@4.26.0/node_modules/electron-to-chromium: Can't follow symlink without -L/--copy-links
2025/09/16 05:48:04 NOTICE: node_modules/.pnpm/chalk@4.1.2/node_modules/ansi-styles: Can't follow symlink without -L/--copy-links
2025/09/16 05:48:04 NOTICE: node_modules/.pnpm/chalk@4.1.2/node_modules/supports-color: Can't follow symlink without -L/--copy-links
2025/09/16 05:48:04 NOTICE: node_modules/.pnpm/chokidar@3.6.0/node_modules/braces: Can't follow symlink without -L/--copy-links
2025/09/16 05:48:04 NOTICE: node_modules/.pnpm/chokidar@3.6.0/node_modules/is-glob: Can't follow symlink without -L/--copy-links
2025/09/16 05:48:04 NOTICE: node_modules/.pnpm/chokidar@3.6.0/node_modules/glob-parent: Can't follow symlink without -L/--copy-links
2025/09/16 05:48:04 NOTICE: node_modules/.pnpm/chokidar@3.6.0/node_modules/normalize-path: Can't follow symlink without -L/--copy-links
2025/09/16 05:48:04 NOTICE: node_modules/.pnpm/chokidar@3.6.0/node_modules/readdirp: Can't follow symlink without -L/--copy-links
2025/09/16 05:48:04 NOTICE: node_modules/.pnpm/chokidar@3.6.0/node_modules/is-binary-path: Can't follow symlink without -L/--copy-links
2025/09/16 05:48:04 NOTICE: node_modules/.pnpm/chokidar@3.6.0/node_modules/anymatch: Can't follow symlink without -L/--copy-links
2025/09/16 05:48:32 NOTICE: node_modules/.pnpm/color-convert@2.0.1/node_modules/color-name: Can't follow symlink without -L/--copy-links
2025/09/16 05:48:33 NOTICE: node_modules/.pnpm/color-string@1.9.1/node_modules/simple-swizzle: Can't follow symlink without -L/--copy-links
2025/09/16 05:48:33 NOTICE: node_modules/.pnpm/color-string@1.9.1/node_modules/color-name: Can't follow symlink without -L/--copy-links
2025/09/16 05:48:33 NOTICE: node_modules/.pnpm/color@4.2.3/node_modules/color-convert: Can't follow symlink without -L/--copy-links
2025/09/16 05:48:33 NOTICE: node_modules/.pnpm/color@4.2.3/node_modules/color-string: Can't follow symlink without -L/--copy-links
2025/09/16 05:48:38 NOTICE: node_modules/.pnpm/cosmiconfig@9.0.0_typescript@5.9.2/node_modules/env-paths: Can't follow symlink without -L/--copy-links
2025/09/16 05:48:38 NOTICE: node_modules/.pnpm/cosmiconfig@9.0.0_typescript@5.9.2/node_modules/js-yaml: Can't follow symlink without -L/--copy-links
2025/09/16 05:48:38 NOTICE: node_modules/.pnpm/cosmiconfig@9.0.0_typescript@5.9.2/node_modules/parse-json: Can't follow symlink without -L/--copy-links
2025/09/16 05:48:38 NOTICE: node_modules/.pnpm/cosmiconfig@9.0.0_typescript@5.9.2/node_modules/import-fresh: Can't follow symlink without -L/--copy-links
2025/09/16 05:48:38 NOTICE: node_modules/.pnpm/cosmiconfig@9.0.0_typescript@5.9.2/node_modules/typescript: Can't follow symlink without -L/--copy-links
2025/09/16 05:48:41 NOTICE: node_modules/.pnpm/cross-spawn@7.0.6/node_modules/shebang-command: Can't follow symlink without -L/--copy-links
2025/09/16 05:48:41 NOTICE: node_modules/.pnpm/cross-spawn@7.0.6/node_modules/path-key: Can't follow symlink without -L/--copy-links
2025/09/16 05:48:41 NOTICE: node_modules/.pnpm/cross-spawn@7.0.6/node_modules/which: Can't follow symlink without -L/--copy-links
2025/09/16 05:48:44 NOTICE: node_modules/.pnpm/debug@4.4.3/node_modules/ms: Can't follow symlink without -L/--copy-links
2025/09/16 05:48:53 NOTICE: node_modules/.pnpm/enhanced-resolve@5.18.3/node_modules/tapable: Can't follow symlink without -L/--copy-links
2025/09/16 05:48:53 NOTICE: node_modules/.pnpm/enhanced-resolve@5.18.3/node_modules/graceful-fs: Can't follow symlink without -L/--copy-links
2025/09/16 05:48:54 NOTICE: node_modules/.pnpm/error-ex@1.3.4/node_modules/is-arrayish: Can't follow symlink without -L/--copy-links
2025/09/16 05:48:55 NOTICE: node_modules/.pnpm/eslint-scope@8.4.0/node_modules/esrecurse: Can't follow symlink without -L/--copy-links
2025/09/16 05:48:55 NOTICE: node_modules/.pnpm/eslint-scope@8.4.0/node_modules/estraverse: Can't follow symlink without -L/--copy-links
2025/09/16 05:48:58 NOTICE: node_modules/.pnpm/eslint@9.35.0_jiti@2.5.1/node_modules/escape-string-regexp: Can't follow symlink without -L/--copy-links
2025/09/16 05:48:58 NOTICE: node_modules/.pnpm/eslint@9.35.0_jiti@2.5.1/node_modules/eslint-visitor-keys: Can't follow symlink without -L/--copy-links
2025/09/16 05:48:58 NOTICE: node_modules/.pnpm/eslint@9.35.0_jiti@2.5.1/node_modules/cross-spawn: Can't follow symlink without -L/--copy-links
2025/09/16 05:48:58 NOTICE: node_modules/.pnpm/eslint@9.35.0_jiti@2.5.1/node_modules/debug: Can't follow symlink without -L/--copy-links
2025/09/16 05:48:58 NOTICE: node_modules/.pnpm/eslint@9.35.0_jiti@2.5.1/node_modules/chalk: Can't follow symlink without -L/--copy-links
2025/09/16 05:48:58 NOTICE: node_modules/.pnpm/eslint@9.35.0_jiti@2.5.1/node_modules/espree: Can't follow symlink without -L/--copy-links
2025/09/16 05:48:58 NOTICE: node_modules/.pnpm/eslint@9.35.0_jiti@2.5.1/node_modules/ajv: Can't follow symlink without -L/--copy-links
2025/09/16 05:48:58 NOTICE: node_modules/.pnpm/eslint@9.35.0_jiti@2.5.1/node_modules/fast-deep-equal: Can't follow symlink without -L/--copy-links
2025/09/16 05:48:58 NOTICE: node_modules/.pnpm/eslint@9.35.0_jiti@2.5.1/node_modules/eslint-scope: Can't follow symlink without -L/--copy-links
2025/09/16 05:48:58 NOTICE: node_modules/.pnpm/eslint@9.35.0_jiti@2.5.1/node_modules/file-entry-cache: Can't follow symlink without -L/--copy-links
2025/09/16 05:48:58 NOTICE: node_modules/.pnpm/eslint@9.35.0_jiti@2.5.1/node_modules/esutils: Can't follow symlink without -L/--copy-links
2025/09/16 05:48:58 NOTICE: node_modules/.pnpm/eslint@9.35.0_jiti@2.5.1/node_modules/find-up: Can't follow symlink without -L/--copy-links
2025/09/16 05:48:58 NOTICE: node_modules/.pnpm/eslint@9.35.0_jiti@2.5.1/node_modules/imurmurhash: Can't follow symlink without -L/--copy-links
2025/09/16 05:48:58 NOTICE: node_modules/.pnpm/eslint@9.35.0_jiti@2.5.1/node_modules/is-glob: Can't follow symlink without -L/--copy-links
2025/09/16 05:48:58 NOTICE: node_modules/.pnpm/eslint@9.35.0_jiti@2.5.1/node_modules/glob-parent: Can't follow symlink without -L/--copy-links
2025/09/16 05:48:58 NOTICE: node_modules/.pnpm/eslint@9.35.0_jiti@2.5.1/node_modules/json-stable-stringify-without-jsonify: Can't follow symlink without -L/--copy-links
2025/09/16 05:48:58 NOTICE: node_modules/.pnpm/eslint@9.35.0_jiti@2.5.1/node_modules/lodash.merge: Can't follow symlink without -L/--copy-links
2025/09/16 05:48:58 NOTICE: node_modules/.pnpm/eslint@9.35.0_jiti@2.5.1/node_modules/natural-compare: Can't follow symlink without -L/--copy-links
2025/09/16 05:48:58 NOTICE: node_modules/.pnpm/eslint@9.35.0_jiti@2.5.1/node_modules/ignore: Can't follow symlink without -L/--copy-links
2025/09/16 05:48:58 NOTICE: node_modules/.pnpm/eslint@9.35.0_jiti@2.5.1/node_modules/optionator: Can't follow symlink without -L/--copy-links
2025/09/16 05:48:58 NOTICE: node_modules/.pnpm/eslint@9.35.0_jiti@2.5.1/node_modules/esquery: Can't follow symlink without -L/--copy-links
2025/09/16 05:48:58 NOTICE: node_modules/.pnpm/eslint@9.35.0_jiti@2.5.1/node_modules/minimatch: Can't follow symlink without -L/--copy-links
2025/09/16 05:48:58 NOTICE: node_modules/.pnpm/eslint@9.35.0_jiti@2.5.1/node_modules/jiti: Can't follow symlink without -L/--copy-links
2025/09/16 05:48:59 NOTICE: node_modules/.pnpm/espree@10.4.0/node_modules/eslint-visitor-keys: Can't follow symlink without -L/--copy-links
2025/09/16 05:48:59 NOTICE: node_modules/.pnpm/espree@10.4.0/node_modules/acorn-jsx: Can't follow symlink without -L/--copy-links
2025/09/16 05:48:59 NOTICE: node_modules/.pnpm/espree@10.4.0/node_modules/acorn: Can't follow symlink without -L/--copy-links
2025/09/16 05:49:02 NOTICE: node_modules/.pnpm/esquery@1.6.0/node_modules/estraverse: Can't follow symlink without -L/--copy-links
2025/09/16 05:49:03 NOTICE: node_modules/.pnpm/esrecurse@4.3.0/node_modules/estraverse: Can't follow symlink without -L/--copy-links
2025/09/16 05:49:13 NOTICE: node_modules/.pnpm/fast-glob@3.3.3/node_modules/glob-parent: Can't follow symlink without -L/--copy-links
2025/09/16 05:49:13 NOTICE: node_modules/.pnpm/fast-glob@3.3.3/node_modules/micromatch: Can't follow symlink without -L/--copy-links
2025/09/16 05:49:13 NOTICE: node_modules/.pnpm/fast-glob@3.3.3/node_modules/merge2: Can't follow symlink without -L/--copy-links
2025/09/16 05:49:29 NOTICE: node_modules/.pnpm/fastq@1.19.1/node_modules/reusify: Can't follow symlink without -L/--copy-links
2025/09/16 05:49:30 NOTICE: node_modules/.pnpm/file-entry-cache@8.0.0/node_modules/flat-cache: Can't follow symlink without -L/--copy-links
2025/09/16 05:49:32 NOTICE: node_modules/.pnpm/fill-range@7.1.1/node_modules/to-regex-range: Can't follow symlink without -L/--copy-links
2025/09/16 05:49:33 NOTICE: node_modules/.pnpm/find-up@5.0.0/node_modules/path-exists: Can't follow symlink without -L/--copy-links
2025/09/16 05:49:33 NOTICE: node_modules/.pnpm/find-up@5.0.0/node_modules/locate-path: Can't follow symlink without -L/--copy-links
2025/09/16 05:49:35 NOTICE: node_modules/.pnpm/fast-glob@3.3.3/node_modules/@nodelib/fs.walk: Can't follow symlink without -L/--copy-links
2025/09/16 05:49:35 NOTICE: node_modules/.pnpm/fast-glob@3.3.3/node_modules/@nodelib/fs.stat: Can't follow symlink without -L/--copy-links
2025/09/16 05:49:35 NOTICE: node_modules/.pnpm/eslint@9.35.0_jiti@2.5.1/node_modules/@eslint-community/eslint-utils: Can't follow symlink without -L/--copy-links
2025/09/16 05:49:35 NOTICE: node_modules/.pnpm/eslint@9.35.0_jiti@2.5.1/node_modules/@eslint-community/regexpp: Can't follow symlink without -L/--copy-links
2025/09/16 05:49:35 NOTICE: node_modules/.pnpm/flat-cache@4.0.1/node_modules/flatted: Can't follow symlink without -L/--copy-links
2025/09/16 05:49:35 NOTICE: node_modules/.pnpm/flat-cache@4.0.1/node_modules/keyv: Can't follow symlink without -L/--copy-links
2025/09/16 05:49:35 NOTICE: node_modules/.pnpm/eslint@9.35.0_jiti@2.5.1/node_modules/@eslint/config-helpers: Can't follow symlink without -L/--copy-links
2025/09/16 05:49:35 NOTICE: node_modules/.pnpm/eslint@9.35.0_jiti@2.5.1/node_modules/@eslint/core: Can't follow symlink without -L/--copy-links
2025/09/16 05:49:35 NOTICE: node_modules/.pnpm/eslint@9.35.0_jiti@2.5.1/node_modules/@eslint/js: Can't follow symlink without -L/--copy-links
2025/09/16 05:49:35 NOTICE: node_modules/.pnpm/eslint@9.35.0_jiti@2.5.1/node_modules/@eslint/config-array: Can't follow symlink without -L/--copy-links
2025/09/16 05:49:35 NOTICE: node_modules/.pnpm/eslint@9.35.0_jiti@2.5.1/node_modules/@eslint/eslintrc: Can't follow symlink without -L/--copy-links
2025/09/16 05:49:35 NOTICE: node_modules/.pnpm/eslint@9.35.0_jiti@2.5.1/node_modules/@eslint/plugin-kit: Can't follow symlink without -L/--copy-links
2025/09/16 05:49:35 NOTICE: node_modules/.pnpm/eslint@9.35.0_jiti@2.5.1/node_modules/@humanfs/node: Can't follow symlink without -L/--copy-links
2025/09/16 05:49:37 NOTICE: node_modules/.pnpm/eslint@9.35.0_jiti@2.5.1/node_modules/@humanwhocodes/module-importer: Can't follow symlink without -L/--copy-links
2025/09/16 05:49:37 NOTICE: node_modules/.pnpm/eslint@9.35.0_jiti@2.5.1/node_modules/@humanwhocodes/retry: Can't follow symlink without -L/--copy-links
2025/09/16 05:49:37 NOTICE: node_modules/.pnpm/foreground-child@3.3.1/node_modules/signal-exit: Can't follow symlink without -L/--copy-links
2025/09/16 05:49:37 NOTICE: node_modules/.pnpm/foreground-child@3.3.1/node_modules/cross-spawn: Can't follow symlink without -L/--copy-links
2025/09/16 05:49:39 NOTICE: node_modules/.pnpm/eslint@9.35.0_jiti@2.5.1/node_modules/@types/json-schema: Can't follow symlink without -L/--copy-links
2025/09/16 05:49:39 NOTICE: node_modules/.pnpm/eslint@9.35.0_jiti@2.5.1/node_modules/@types/estree: Can't follow symlink without -L/--copy-links
2025/09/16 05:49:43 NOTICE: node_modules/.pnpm/glob-parent@5.1.2/node_modules/is-glob: Can't follow symlink without -L/--copy-links
2025/09/16 05:49:43 NOTICE: node_modules/.pnpm/glob-parent@6.0.2/node_modules/is-glob: Can't follow symlink without -L/--copy-links
2025/09/16 05:49:46 NOTICE: node_modules/.pnpm/glob@10.4.5/node_modules/minipass: Can't follow symlink without -L/--copy-links
2025/09/16 05:49:46 NOTICE: node_modules/.pnpm/glob@10.4.5/node_modules/jackspeak: Can't follow symlink without -L/--copy-links
2025/09/16 05:49:46 NOTICE: node_modules/.pnpm/glob@10.4.5/node_modules/path-scurry: Can't follow symlink without -L/--copy-links
2025/09/16 05:49:46 NOTICE: node_modules/.pnpm/glob@10.4.5/node_modules/minimatch: Can't follow symlink without -L/--copy-links
2025/09/16 05:49:46 NOTICE: node_modules/.pnpm/glob@10.4.5/node_modules/foreground-child: Can't follow symlink without -L/--copy-links
2025/09/16 05:49:46 NOTICE: node_modules/.pnpm/glob@10.4.5/node_modules/package-json-from-dist: Can't follow symlink without -L/--copy-links
2025/09/16 05:49:51 NOTICE: node_modules/.pnpm/hasown@2.0.2/node_modules/function-bind: Can't follow symlink without -L/--copy-links
2025/09/16 05:49:55 NOTICE: node_modules/.pnpm/import-fresh@3.3.1/node_modules/parent-module: Can't follow symlink without -L/--copy-links
2025/09/16 05:49:55 NOTICE: node_modules/.pnpm/import-fresh@3.3.1/node_modules/resolve-from: Can't follow symlink without -L/--copy-links
2025/09/16 05:49:59 NOTICE: node_modules/.pnpm/is-binary-path@2.1.0/node_modules/binary-extensions: Can't follow symlink without -L/--copy-links
2025/09/16 05:50:00 NOTICE: node_modules/.pnpm/is-core-module@2.16.1/node_modules/hasown: Can't follow symlink without -L/--copy-links
2025/09/16 05:50:01 NOTICE: node_modules/.pnpm/is-glob@4.0.3/node_modules/is-extglob: Can't follow symlink without -L/--copy-links
2025/09/16 05:50:04 NOTICE: node_modules/.pnpm/js-yaml@4.1.0/node_modules/argparse: Can't follow symlink without -L/--copy-links
2025/09/16 05:50:47 NOTICE: node_modules/.pnpm/keyv@4.5.4/node_modules/json-buffer: Can't follow symlink without -L/--copy-links
2025/09/16 05:50:47 NOTICE: node_modules/.pnpm/levn@0.4.1/node_modules/prelude-ls: Can't follow symlink without -L/--copy-links
2025/09/16 05:50:47 NOTICE: node_modules/.pnpm/levn@0.4.1/node_modules/type-check: Can't follow symlink without -L/--copy-links
2025/09/16 05:50:50 NOTICE: node_modules/.pnpm/lightningcss@1.30.1/node_modules/detect-libc: Can't follow symlink without -L/--copy-links
2025/09/16 05:50:51 NOTICE: node_modules/.pnpm/jackspeak@3.4.3/node_modules/@isaacs/cliui: Can't follow symlink without -L/--copy-links
2025/09/16 05:50:56 NOTICE: node_modules/.pnpm/jackspeak@3.4.3/node_modules/@pkgjs/parseargs: Can't follow symlink without -L/--copy-links
2025/09/16 05:50:56 NOTICE: node_modules/.pnpm/locate-path@6.0.0/node_modules/p-locate: Can't follow symlink without -L/--copy-links
2025/09/16 05:51:38 NOTICE: node_modules/.pnpm/loose-envify@1.4.0/node_modules/js-tokens: Can't follow symlink without -L/--copy-links
2025/09/16 05:51:43 NOTICE: node_modules/.pnpm/micromatch@4.0.8/node_modules/braces: Can't follow symlink without -L/--copy-links
2025/09/16 05:51:43 NOTICE: node_modules/.pnpm/micromatch@4.0.8/node_modules/picomatch: Can't follow symlink without -L/--copy-links
2025/09/16 05:51:44 NOTICE: node_modules/.pnpm/minimatch@3.1.2/node_modules/brace-expansion: Can't follow symlink without -L/--copy-links
2025/09/16 05:51:44 NOTICE: node_modules/.pnpm/minimatch@9.0.5/node_modules/brace-expansion: Can't follow symlink without -L/--copy-links
2025/09/16 05:51:45 NOTICE: node_modules/.pnpm/magic-string@0.30.19/node_modules/@jridgewell/sourcemap-codec: Can't follow symlink without -L/--copy-links
2025/09/16 05:51:46 NOTICE: node_modules/.pnpm/minizlib@3.0.2/node_modules/minipass: Can't follow symlink without -L/--copy-links
2025/09/16 05:51:48 NOTICE: node_modules/.pnpm/node_modules/undici-types: Can't follow symlink without -L/--copy-links
2025/09/16 05:51:48 NOTICE: node_modules/.pnpm/node_modules/csstype: Can't follow symlink without -L/--copy-links
2025/09/16 05:51:48 NOTICE: node_modules/.pnpm/node_modules/fraction.js: Can't follow symlink without -L/--copy-links
2025/09/16 05:51:48 NOTICE: node_modules/.pnpm/node_modules/postcss-value-parser: Can't follow symlink without -L/--copy-links
2025/09/16 05:51:48 NOTICE: node_modules/.pnpm/node_modules/browserslist: Can't follow symlink without -L/--copy-links
2025/09/16 05:51:48 NOTICE: node_modules/.pnpm/node_modules/caniuse-lite: Can't follow symlink without -L/--copy-links
2025/09/16 05:51:48 NOTICE: node_modules/.pnpm/node_modules/normalize-range: Can't follow symlink without -L/--copy-links
2025/09/16 05:51:48 NOTICE: node_modules/.pnpm/node_modules/picocolors: Can't follow symlink without -L/--copy-links
2025/09/16 05:51:48 NOTICE: node_modules/.pnpm/node_modules/eslint-visitor-keys: Can't follow symlink without -L/--copy-links
2025/09/16 05:51:48 NOTICE: node_modules/.pnpm/node_modules/cross-spawn: Can't follow symlink without -L/--copy-links
2025/09/16 05:51:48 NOTICE: node_modules/.pnpm/node_modules/debug: Can't follow symlink without -L/--copy-links
2025/09/16 05:51:48 NOTICE: node_modules/.pnpm/node_modules/chalk: Can't follow symlink without -L/--copy-links
2025/09/16 05:51:48 NOTICE: node_modules/.pnpm/node_modules/escape-string-regexp: Can't follow symlink without -L/--copy-links
2025/09/16 05:51:48 NOTICE: node_modules/.pnpm/node_modules/fast-deep-equal: Can't follow symlink without -L/--copy-links
2025/09/16 05:51:48 NOTICE: node_modules/.pnpm/node_modules/file-entry-cache: Can't follow symlink without -L/--copy-links
2025/09/16 05:51:48 NOTICE: node_modules/.pnpm/node_modules/ajv: Can't follow symlink without -L/--copy-links
2025/09/16 05:51:48 NOTICE: node_modules/.pnpm/node_modules/eslint-scope: Can't follow symlink without -L/--copy-links
2025/09/16 05:51:48 NOTICE: node_modules/.pnpm/node_modules/esutils: Can't follow symlink without -L/--copy-links
2025/09/16 05:51:48 NOTICE: node_modules/.pnpm/node_modules/find-up: Can't follow symlink without -L/--copy-links
2025/09/16 05:51:48 NOTICE: node_modules/.pnpm/node_modules/imurmurhash: Can't follow symlink without -L/--copy-links
2025/09/16 05:51:48 NOTICE: node_modules/.pnpm/node_modules/is-glob: Can't follow symlink without -L/--copy-links
2025/09/16 05:51:48 NOTICE: node_modules/.pnpm/node_modules/glob-parent: Can't follow symlink without -L/--copy-links
2025/09/16 05:51:48 NOTICE: node_modules/.pnpm/node_modules/lodash.merge: Can't follow symlink without -L/--copy-links
2025/09/16 05:51:48 NOTICE: node_modules/.pnpm/node_modules/json-stable-stringify-without-jsonify: Can't follow symlink without -L/--copy-links
2025/09/16 05:51:48 NOTICE: node_modules/.pnpm/node_modules/natural-compare: Can't follow symlink without -L/--copy-links
2025/09/16 05:51:48 NOTICE: node_modules/.pnpm/node_modules/ignore: Can't follow symlink without -L/--copy-links
2025/09/16 05:51:48 NOTICE: node_modules/.pnpm/node_modules/optionator: Can't follow symlink without -L/--copy-links
2025/09/16 05:51:48 NOTICE: node_modules/.pnpm/node_modules/esquery: Can't follow symlink without -L/--copy-links
2025/09/16 05:51:48 NOTICE: node_modules/.pnpm/node_modules/jiti: Can't follow symlink without -L/--copy-links
2025/09/16 05:51:48 NOTICE: node_modules/.pnpm/node_modules/minimatch: Can't follow symlink without -L/--copy-links
2025/09/16 05:51:48 NOTICE: node_modules/.pnpm/node_modules/styled-jsx: Can't follow symlink without -L/--copy-links
2025/09/16 05:51:48 NOTICE: node_modules/.pnpm/node_modules/sharp: Can't follow symlink without -L/--copy-links
2025/09/16 05:51:48 NOTICE: node_modules/.pnpm/node_modules/espree: Can't follow symlink without -L/--copy-links
2025/09/16 05:51:48 NOTICE: node_modules/.pnpm/node_modules/nanoid: Can't follow symlink without -L/--copy-links
2025/09/16 05:51:48 NOTICE: node_modules/.pnpm/node_modules/source-map-js: Can't follow symlink without -L/--copy-links
2025/09/16 05:51:48 NOTICE: node_modules/.pnpm/node_modules/loose-envify: Can't follow symlink without -L/--copy-links
2025/09/16 05:51:48 NOTICE: node_modules/.pnpm/node_modules/scheduler: Can't follow symlink without -L/--copy-links
2025/09/16 05:51:48 NOTICE: node_modules/.pnpm/node_modules/js-yaml: Can't follow symlink without -L/--copy-links
2025/09/16 05:51:48 NOTICE: node_modules/.pnpm/node_modules/import-fresh: Can't follow symlink without -L/--copy-links
2025/09/16 05:51:48 NOTICE: node_modules/.pnpm/node_modules/strip-json-comments: Can't follow symlink without -L/--copy-links
2025/09/16 05:51:48 NOTICE: node_modules/.pnpm/node_modules/globals: Can't follow symlink without -L/--copy-links
2025/09/16 05:51:48 NOTICE: node_modules/.pnpm/node_modules/levn: Can't follow symlink without -L/--copy-links
2025/09/16 05:51:48 NOTICE: node_modules/.pnpm/node_modules/tslib: Can't follow symlink without -L/--copy-links
2025/09/16 05:51:48 NOTICE: node_modules/.pnpm/node_modules/lightningcss: Can't follow symlink without -L/--copy-links
2025/09/16 05:51:48 NOTICE: node_modules/.pnpm/node_modules/magic-string: Can't follow symlink without -L/--copy-links
2025/09/16 05:51:48 NOTICE: node_modules/.pnpm/node_modules/enhanced-resolve: Can't follow symlink without -L/--copy-links
2025/09/16 05:51:48 NOTICE: node_modules/.pnpm/node_modules/detect-libc: Can't follow symlink without -L/--copy-links
2025/09/16 05:51:48 NOTICE: node_modules/.pnpm/node_modules/fast-json-stable-stringify: Can't follow symlink without -L/--copy-links
2025/09/16 05:51:48 NOTICE: node_modules/.pnpm/node_modules/tar: Can't follow symlink without -L/--copy-links
2025/09/16 05:51:48 NOTICE: node_modules/.pnpm/node_modules/json-schema-traverse: Can't follow symlink without -L/--copy-links
2025/09/16 05:51:48 NOTICE: node_modules/.pnpm/node_modules/baseline-browser-mapping: Can't follow symlink without -L/--copy-links
2025/09/16 05:51:48 NOTICE: node_modules/.pnpm/node_modules/uri-js: Can't follow symlink without -L/--copy-links
2025/09/16 05:51:48 NOTICE: node_modules/.pnpm/node_modules/node-releases: Can't follow symlink without -L/--copy-links
2025/09/16 05:51:48 NOTICE: node_modules/.pnpm/node_modules/update-browserslist-db: Can't follow symlink without -L/--copy-links
2025/09/16 05:51:48 NOTICE: node_modules/.pnpm/node_modules/electron-to-chromium: Can't follow symlink without -L/--copy-links
2025/09/16 05:51:48 NOTICE: node_modules/.pnpm/node_modules/ansi-styles: Can't follow symlink without -L/--copy-links
2025/09/16 05:51:48 NOTICE: node_modules/.pnpm/node_modules/env-paths: Can't follow symlink without -L/--copy-links
2025/09/16 05:51:48 NOTICE: node_modules/.pnpm/node_modules/supports-color: Can't follow symlink without -L/--copy-links
2025/09/16 05:51:48 NOTICE: node_modules/.pnpm/node_modules/parse-json: Can't follow symlink without -L/--copy-links
2025/09/16 05:51:48 NOTICE: node_modules/.pnpm/node_modules/shebang-command: Can't follow symlink without -L/--copy-links
2025/09/16 05:51:48 NOTICE: node_modules/.pnpm/node_modules/path-key: Can't follow symlink without -L/--copy-links
2025/09/16 05:51:48 NOTICE: node_modules/.pnpm/node_modules/which: Can't follow symlink without -L/--copy-links
2025/09/16 05:51:48 NOTICE: node_modules/.pnpm/node_modules/ms: Can't follow symlink without -L/--copy-links
2025/09/16 05:51:48 NOTICE: node_modules/.pnpm/node_modules/esrecurse: Can't follow symlink without -L/--copy-links
2025/09/16 05:51:48 NOTICE: node_modules/.pnpm/node_modules/estraverse: Can't follow symlink without -L/--copy-links
2025/09/16 05:51:48 NOTICE: node_modules/.pnpm/node_modules/acorn-jsx: Can't follow symlink without -L/--copy-links
2025/09/16 05:51:48 NOTICE: node_modules/.pnpm/node_modules/acorn: Can't follow symlink without -L/--copy-links
2025/09/16 05:51:48 NOTICE: node_modules/.pnpm/node_modules/cosmiconfig: Can't follow symlink without -L/--copy-links
2025/09/16 05:51:48 NOTICE: node_modules/.pnpm/node_modules/path-exists: Can't follow symlink without -L/--copy-links
2025/09/16 05:51:48 NOTICE: node_modules/.pnpm/node_modules/semver: Can't follow symlink without -L/--copy-links
2025/09/16 05:51:48 NOTICE: node_modules/.pnpm/node_modules/locate-path: Can't follow symlink without -L/--copy-links
2025/09/16 05:51:48 NOTICE: node_modules/.pnpm/node_modules/is-extglob: Can't follow symlink without -L/--copy-links
2025/09/16 05:51:48 NOTICE: node_modules/.pnpm/node_modules/brace-expansion: Can't follow symlink without -L/--copy-links
2025/09/16 05:51:48 NOTICE: node_modules/.pnpm/node_modules/prelude-ls: Can't follow symlink without -L/--copy-links
2025/09/16 05:51:48 NOTICE: node_modules/.pnpm/node_modules/deep-is: Can't follow symlink without -L/--copy-links
2025/09/16 05:51:48 NOTICE: node_modules/.pnpm/node_modules/word-wrap: Can't follow symlink without -L/--copy-links
2025/09/16 05:51:48 NOTICE: node_modules/.pnpm/node_modules/type-check: Can't follow symlink without -L/--copy-links
2025/09/16 05:51:48 NOTICE: node_modules/.pnpm/node_modules/fast-levenshtein: Can't follow symlink without -L/--copy-links
2025/09/16 05:51:48 NOTICE: node_modules/.pnpm/node_modules/client-only: Can't follow symlink without -L/--copy-links
2025/09/16 05:51:48 NOTICE: node_modules/.pnpm/node_modules/color-convert: Can't follow symlink without -L/--copy-links
2025/09/16 05:51:48 NOTICE: node_modules/.pnpm/node_modules/concat-map: Can't follow symlink without -L/--copy-links
2025/09/16 05:51:48 NOTICE: node_modules/.pnpm/node_modules/balanced-match: Can't follow symlink without -L/--copy-links
2025/09/16 05:51:48 NOTICE: node_modules/.pnpm/node_modules/color-string: Can't follow symlink without -L/--copy-links
2025/09/16 05:51:48 NOTICE: node_modules/.pnpm/node_modules/tapable: Can't follow symlink without -L/--copy-links
2025/09/16 05:51:48 NOTICE: node_modules/.pnpm/node_modules/graceful-fs: Can't follow symlink without -L/--copy-links
2025/09/16 05:51:48 NOTICE: node_modules/.pnpm/node_modules/flatted: Can't follow symlink without -L/--copy-links
2025/09/16 05:51:48 NOTICE: node_modules/.pnpm/node_modules/keyv: Can't follow symlink without -L/--copy-links
2025/09/16 05:51:48 NOTICE: node_modules/.pnpm/node_modules/parent-module: Can't follow symlink without -L/--copy-links
2025/09/16 05:51:48 NOTICE: node_modules/.pnpm/node_modules/resolve-from: Can't follow symlink without -L/--copy-links
2025/09/16 05:51:48 NOTICE: node_modules/.pnpm/node_modules/argparse: Can't follow symlink without -L/--copy-links
2025/09/16 05:51:48 NOTICE: node_modules/.pnpm/node_modules/p-locate: Can't follow symlink without -L/--copy-links
2025/09/16 05:51:48 NOTICE: node_modules/.pnpm/node_modules/error-ex: Can't follow symlink without -L/--copy-links
2025/09/16 05:51:48 NOTICE: node_modules/.pnpm/node_modules/json-parse-even-better-errors: Can't follow symlink without -L/--copy-links
2025/09/16 05:51:48 NOTICE: node_modules/.pnpm/node_modules/flat-cache: Can't follow symlink without -L/--copy-links
2025/09/16 05:51:48 NOTICE: node_modules/.pnpm/node_modules/lines-and-columns: Can't follow symlink without -L/--copy-links
2025/09/16 05:51:48 NOTICE: node_modules/.pnpm/node_modules/shebang-regex: Can't follow symlink without -L/--copy-links
2025/09/16 05:51:48 NOTICE: node_modules/.pnpm/node_modules/has-flag: Can't follow symlink without -L/--copy-links
2025/09/16 05:51:48 NOTICE: node_modules/.pnpm/node_modules/chownr: Can't follow symlink without -L/--copy-links
2025/09/16 05:51:48 NOTICE: node_modules/.pnpm/node_modules/yallist: Can't follow symlink without -L/--copy-links
2025/09/16 05:51:48 NOTICE: node_modules/.pnpm/node_modules/mkdirp: Can't follow symlink without -L/--copy-links
2025/09/16 05:51:48 NOTICE: node_modules/.pnpm/node_modules/minizlib: Can't follow symlink without -L/--copy-links
2025/09/16 05:51:48 NOTICE: node_modules/.pnpm/node_modules/escalade: Can't follow symlink without -L/--copy-links
2025/09/16 05:51:48 NOTICE: node_modules/.pnpm/node_modules/punycode: Can't follow symlink without -L/--copy-links
2025/09/16 05:51:48 NOTICE: node_modules/.pnpm/node_modules/isexe: Can't follow symlink without -L/--copy-links
2025/09/16 05:51:48 NOTICE: node_modules/.pnpm/node_modules/js-tokens: Can't follow symlink without -L/--copy-links
2025/09/16 05:51:48 NOTICE: node_modules/.pnpm/node_modules/color-name: Can't follow symlink without -L/--copy-links
2025/09/16 05:51:48 NOTICE: node_modules/.pnpm/node_modules/simple-swizzle: Can't follow symlink without -L/--copy-links
2025/09/16 05:51:48 NOTICE: node_modules/.pnpm/node_modules/is-arrayish: Can't follow symlink without -L/--copy-links
2025/09/16 05:51:48 NOTICE: node_modules/.pnpm/node_modules/p-limit: Can't follow symlink without -L/--copy-links
2025/09/16 05:51:48 NOTICE: node_modules/.pnpm/node_modules/color: Can't follow symlink without -L/--copy-links
2025/09/16 05:51:48 NOTICE: node_modules/.pnpm/node_modules/yocto-queue: Can't follow symlink without -L/--copy-links
2025/09/16 05:51:48 NOTICE: node_modules/.pnpm/node_modules/json-buffer: Can't follow symlink without -L/--copy-links
2025/09/16 05:51:48 NOTICE: node_modules/.pnpm/node_modules/minipass: Can't follow symlink without -L/--copy-links
2025/09/16 05:51:48 NOTICE: node_modules/.pnpm/node_modules/callsites: Can't follow symlink without -L/--copy-links
2025/09/16 05:51:48 NOTICE: node_modules/.pnpm/node_modules/arg: Can't follow symlink without -L/--copy-links
2025/09/16 05:51:48 NOTICE: node_modules/.pnpm/node_modules/dlv: Can't follow symlink without -L/--copy-links
2025/09/16 05:51:48 NOTICE: node_modules/.pnpm/node_modules/normalize-path: Can't follow symlink without -L/--copy-links
2025/09/16 05:51:48 NOTICE: node_modules/.pnpm/node_modules/postcss-js: Can't follow symlink without -L/--copy-links
2025/09/16 05:51:48 NOTICE: node_modules/.pnpm/node_modules/didyoumean: Can't follow symlink without -L/--copy-links
2025/09/16 05:51:48 NOTICE: node_modules/.pnpm/node_modules/object-hash: Can't follow symlink without -L/--copy-links
2025/09/16 05:51:48 NOTICE: node_modules/.pnpm/node_modules/micromatch: Can't follow symlink without -L/--copy-links
2025/09/16 05:51:48 NOTICE: node_modules/.pnpm/node_modules/resolve: Can't follow symlink without -L/--copy-links
2025/09/16 05:51:48 NOTICE: node_modules/.pnpm/node_modules/fast-glob: Can't follow symlink without -L/--copy-links
2025/09/16 05:51:48 NOTICE: node_modules/.pnpm/node_modules/sucrase: Can't follow symlink without -L/--copy-links
2025/09/16 05:51:48 NOTICE: node_modules/.pnpm/node_modules/postcss-load-config: Can't follow symlink without -L/--copy-links
2025/09/16 05:51:48 NOTICE: node_modules/.pnpm/node_modules/postcss-nested: Can't follow symlink without -L/--copy-links
2025/09/16 05:51:48 NOTICE: node_modules/.pnpm/node_modules/chokidar: Can't follow symlink without -L/--copy-links
2025/09/16 05:51:48 NOTICE: node_modules/.pnpm/node_modules/postcss-selector-parser: Can't follow symlink without -L/--copy-links
2025/09/16 05:51:48 NOTICE: node_modules/.pnpm/node_modules/postcss-import: Can't follow symlink without -L/--copy-links
2025/09/16 05:51:48 NOTICE: node_modules/.pnpm/node_modules/lilconfig: Can't follow symlink without -L/--copy-links
2025/09/16 05:51:48 NOTICE: node_modules/.pnpm/node_modules/braces: Can't follow symlink without -L/--copy-links
2025/09/16 05:51:48 NOTICE: node_modules/.pnpm/node_modules/anymatch: Can't follow symlink without -L/--copy-links
2025/09/16 05:51:48 NOTICE: node_modules/.pnpm/node_modules/readdirp: Can't follow symlink without -L/--copy-links
2025/09/16 05:51:48 NOTICE: node_modules/.pnpm/node_modules/is-binary-path: Can't follow symlink without -L/--copy-links
2025/09/16 05:51:48 NOTICE: node_modules/.pnpm/node_modules/merge2: Can't follow symlink without -L/--copy-links
2025/09/16 05:51:48 NOTICE: node_modules/.pnpm/node_modules/picomatch: Can't follow symlink without -L/--copy-links
2025/09/16 05:51:48 NOTICE: node_modules/.pnpm/node_modules/read-cache: Can't follow symlink without -L/--copy-links
2025/09/16 05:51:48 NOTICE: node_modules/.pnpm/node_modules/util-deprecate: Can't follow symlink without -L/--copy-links
2025/09/16 05:51:48 NOTICE: node_modules/.pnpm/node_modules/cssesc: Can't follow symlink without -L/--copy-links
2025/09/16 05:51:48 NOTICE: node_modules/.pnpm/node_modules/is-core-module: Can't follow symlink without -L/--copy-links
2025/09/16 05:51:48 NOTICE: node_modules/.pnpm/node_modules/supports-preserve-symlinks-flag: Can't follow symlink without -L/--copy-links
2025/09/16 05:51:48 NOTICE: node_modules/.pnpm/node_modules/path-parse: Can't follow symlink without -L/--copy-links
2025/09/16 05:51:48 NOTICE: node_modules/.pnpm/node_modules/camelcase-css: Can't follow symlink without -L/--copy-links
2025/09/16 05:51:48 NOTICE: node_modules/.pnpm/node_modules/yaml: Can't follow symlink without -L/--copy-links
2025/09/16 05:51:48 NOTICE: node_modules/.pnpm/node_modules/mz: Can't follow symlink without -L/--copy-links
2025/09/16 05:51:48 NOTICE: node_modules/.pnpm/node_modules/glob: Can't follow symlink without -L/--copy-links
2025/09/16 05:51:48 NOTICE: node_modules/.pnpm/node_modules/pirates: Can't follow symlink without -L/--copy-links
2025/09/16 05:51:48 NOTICE: node_modules/.pnpm/node_modules/commander: Can't follow symlink without -L/--copy-links
2025/09/16 05:51:48 NOTICE: node_modules/.pnpm/node_modules/fastq: Can't follow symlink without -L/--copy-links
2025/09/16 05:51:48 NOTICE: node_modules/.pnpm/node_modules/ts-interface-checker: Can't follow symlink without -L/--copy-links
2025/09/16 05:51:48 NOTICE: node_modules/.pnpm/node_modules/fill-range: Can't follow symlink without -L/--copy-links
2025/09/16 05:51:48 NOTICE: node_modules/.pnpm/node_modules/jackspeak: Can't follow symlink without -L/--copy-links
2025/09/16 05:51:48 NOTICE: node_modules/.pnpm/node_modules/package-json-from-dist: Can't follow symlink without -L/--copy-links
2025/09/16 05:51:48 NOTICE: node_modules/.pnpm/node_modules/path-scurry: Can't follow symlink without -L/--copy-links
2025/09/16 05:51:48 NOTICE: node_modules/.pnpm/node_modules/binary-extensions: Can't follow symlink without -L/--copy-links
2025/09/16 05:51:48 NOTICE: node_modules/.pnpm/node_modules/hasown: Can't follow symlink without -L/--copy-links
2025/09/16 05:51:48 NOTICE: node_modules/.pnpm/node_modules/foreground-child: Can't follow symlink without -L/--copy-links
2025/09/16 05:51:48 NOTICE: node_modules/.pnpm/node_modules/thenify-all: Can't follow symlink without -L/--copy-links
2025/09/16 05:51:48 NOTICE: node_modules/.pnpm/node_modules/object-assign: Can't follow symlink without -L/--copy-links
2025/09/16 05:51:48 NOTICE: node_modules/.pnpm/node_modules/any-promise: Can't follow symlink without -L/--copy-links
2025/09/16 05:51:48 NOTICE: node_modules/.pnpm/node_modules/pify: Can't follow symlink without -L/--copy-links
2025/09/16 05:51:48 NOTICE: node_modules/.pnpm/node_modules/run-parallel: Can't follow symlink without -L/--copy-links
2025/09/16 05:51:48 NOTICE: node_modules/.pnpm/node_modules/reusify: Can't follow symlink without -L/--copy-links
2025/09/16 05:51:48 NOTICE: node_modules/.pnpm/node_modules/function-bind: Can't follow symlink without -L/--copy-links
2025/09/16 05:51:48 NOTICE: node_modules/.pnpm/node_modules/to-regex-range: Can't follow symlink without -L/--copy-links
2025/09/16 05:51:48 NOTICE: node_modules/.pnpm/node_modules/signal-exit: Can't follow symlink without -L/--copy-links
2025/09/16 05:51:48 NOTICE: node_modules/.pnpm/node_modules/lru-cache: Can't follow symlink without -L/--copy-links
2025/09/16 05:51:48 NOTICE: node_modules/.pnpm/node_modules/string-width-cjs: Can't follow symlink without -L/--copy-links
2025/09/16 05:51:48 NOTICE: node_modules/.pnpm/node_modules/strip-ansi: Can't follow symlink without -L/--copy-links
2025/09/16 05:51:48 NOTICE: node_modules/.pnpm/node_modules/strip-ansi-cjs: Can't follow symlink without -L/--copy-links
2025/09/16 05:51:48 NOTICE: node_modules/.pnpm/node_modules/wrap-ansi: Can't follow symlink without -L/--copy-links
2025/09/16 05:51:48 NOTICE: node_modules/.pnpm/node_modules/wrap-ansi-cjs: Can't follow symlink without -L/--copy-links
2025/09/16 05:51:48 NOTICE: node_modules/.pnpm/node_modules/thenify: Can't follow symlink without -L/--copy-links
2025/09/16 05:51:48 NOTICE: node_modules/.pnpm/node_modules/is-number: Can't follow symlink without -L/--copy-links
2025/09/16 05:51:48 NOTICE: node_modules/.pnpm/node_modules/is-fullwidth-code-point: Can't follow symlink without -L/--copy-links
2025/09/16 05:51:48 NOTICE: node_modules/.pnpm/node_modules/emoji-regex: Can't follow symlink without -L/--copy-links
2025/09/16 05:51:48 NOTICE: node_modules/.pnpm/node_modules/eastasianwidth: Can't follow symlink without -L/--copy-links
2025/09/16 05:51:48 NOTICE: node_modules/.pnpm/node_modules/ansi-regex: Can't follow symlink without -L/--copy-links
2025/09/16 05:51:48 NOTICE: node_modules/.pnpm/node_modules/string-width: Can't follow symlink without -L/--copy-links
2025/09/16 05:51:48 NOTICE: node_modules/.pnpm/node_modules/queue-microtask: Can't follow symlink without -L/--copy-links
2025/09/16 05:51:49 NOTICE: node_modules/.pnpm/mz@2.7.0/node_modules/thenify-all: Can't follow symlink without -L/--copy-links
2025/09/16 05:51:49 NOTICE: node_modules/.pnpm/mz@2.7.0/node_modules/object-assign: Can't follow symlink without -L/--copy-links
2025/09/16 05:51:49 NOTICE: node_modules/.pnpm/mz@2.7.0/node_modules/any-promise: Can't follow symlink without -L/--copy-links
2025/09/16 05:51:51 NOTICE: node_modules/.pnpm/next@15.5.3_react-dom@18.3.1_react@18.3.1__react@18.3.1/node_modules/postcss: Can't follow symlink without -L/--copy-links
2025/09/16 05:51:51 NOTICE: node_modules/.pnpm/next@15.5.3_react-dom@18.3.1_react@18.3.1__react@18.3.1/node_modules/styled-jsx: Can't follow symlink without -L/--copy-links
2025/09/16 05:51:51 NOTICE: node_modules/.pnpm/next@15.5.3_react-dom@18.3.1_react@18.3.1__react@18.3.1/node_modules/sharp: Can't follow symlink without -L/--copy-links
2025/09/16 05:51:51 NOTICE: node_modules/.pnpm/next@15.5.3_react-dom@18.3.1_react@18.3.1__react@18.3.1/node_modules/caniuse-lite: Can't follow symlink without -L/--copy-links
2025/09/16 05:51:51 NOTICE: node_modules/.pnpm/next@15.5.3_react-dom@18.3.1_react@18.3.1__react@18.3.1/node_modules/react: Can't follow symlink without -L/--copy-links
2025/09/16 05:51:51 NOTICE: node_modules/.pnpm/next@15.5.3_react-dom@18.3.1_react@18.3.1__react@18.3.1/node_modules/react-dom: Can't follow symlink without -L/--copy-links
2025/09/16 05:51:56 NOTICE: node_modules/.pnpm/optionator@0.9.4/node_modules/levn: Can't follow symlink without -L/--copy-links
2025/09/16 05:51:56 NOTICE: node_modules/.pnpm/optionator@0.9.4/node_modules/prelude-ls: Can't follow symlink without -L/--copy-links
2025/09/16 05:51:56 NOTICE: node_modules/.pnpm/optionator@0.9.4/node_modules/deep-is: Can't follow symlink without -L/--copy-links
2025/09/16 05:51:56 NOTICE: node_modules/.pnpm/optionator@0.9.4/node_modules/word-wrap: Can't follow symlink without -L/--copy-links
2025/09/16 05:51:56 NOTICE: node_modules/.pnpm/optionator@0.9.4/node_modules/type-check: Can't follow symlink without -L/--copy-links
2025/09/16 05:51:56 NOTICE: node_modules/.pnpm/optionator@0.9.4/node_modules/fast-levenshtein: Can't follow symlink without -L/--copy-links
2025/09/16 05:51:58 NOTICE: node_modules/.pnpm/p-limit@3.1.0/node_modules/yocto-queue: Can't follow symlink without -L/--copy-links
2025/09/16 05:51:58 NOTICE: node_modules/.pnpm/p-locate@5.0.0/node_modules/p-limit: Can't follow symlink without -L/--copy-links
2025/09/16 05:51:58 NOTICE: node_modules/.pnpm/next@15.5.3_react-dom@18.3.1_react@18.3.1__react@18.3.1/node_modules/@next/env: Can't follow symlink without -L/--copy-links
2025/09/16 05:52:00 NOTICE: node_modules/.pnpm/next@15.5.3_react-dom@18.3.1_react@18.3.1__react@18.3.1/node_modules/@swc/helpers: Can't follow symlink without -L/--copy-links
2025/09/16 05:52:01 NOTICE: node_modules/.pnpm/parent-module@1.0.1/node_modules/callsites: Can't follow symlink without -L/--copy-links
2025/09/16 05:52:01 NOTICE: node_modules/.pnpm/parse-json@5.2.0/node_modules/error-ex: Can't follow symlink without -L/--copy-links
2025/09/16 05:52:01 NOTICE: node_modules/.pnpm/parse-json@5.2.0/node_modules/json-parse-even-better-errors: Can't follow symlink without -L/--copy-links
2025/09/16 05:52:01 NOTICE: node_modules/.pnpm/parse-json@5.2.0/node_modules/lines-and-columns: Can't follow symlink without -L/--copy-links
2025/09/16 05:52:21 NOTICE: node_modules/.pnpm/path-scurry@1.11.1/node_modules/minipass: Can't follow symlink without -L/--copy-links
2025/09/16 05:52:21 NOTICE: node_modules/.pnpm/path-scurry@1.11.1/node_modules/lru-cache: Can't follow symlink without -L/--copy-links
2025/09/16 05:52:21 NOTICE: node_modules/.pnpm/parse-json@5.2.0/node_modules/@babel/code-frame: Can't follow symlink without -L/--copy-links
2025/09/16 05:52:37 NOTICE: node_modules/.pnpm/postcss-import@15.1.0_postcss@8.5.6/node_modules/resolve: Can't follow symlink without -L/--copy-links
2025/09/16 05:52:37 NOTICE: node_modules/.pnpm/postcss-import@15.1.0_postcss@8.5.6/node_modules/postcss-value-parser: Can't follow symlink without -L/--copy-links
2025/09/16 05:52:37 NOTICE: node_modules/.pnpm/postcss-import@15.1.0_postcss@8.5.6/node_modules/read-cache: Can't follow symlink without -L/--copy-links
2025/09/16 05:52:37 NOTICE: node_modules/.pnpm/postcss-import@15.1.0_postcss@8.5.6/node_modules/postcss: Can't follow symlink without -L/--copy-links
2025/09/16 05:52:43 NOTICE: node_modules/.pnpm/postcss-js@4.0.1_postcss@8.5.6/node_modules/camelcase-css: Can't follow symlink without -L/--copy-links
2025/09/16 05:52:43 NOTICE: node_modules/.pnpm/postcss-js@4.0.1_postcss@8.5.6/node_modules/postcss: Can't follow symlink without -L/--copy-links
2025/09/16 05:52:47 NOTICE: node_modules/.pnpm/postcss-load-config@4.0.2_postcss@8.5.6/node_modules/lilconfig: Can't follow symlink without -L/--copy-links
2025/09/16 05:52:47 NOTICE: node_modules/.pnpm/postcss-load-config@4.0.2_postcss@8.5.6/node_modules/yaml: Can't follow symlink without -L/--copy-links
2025/09/16 05:52:47 NOTICE: node_modules/.pnpm/postcss-load-config@4.0.2_postcss@8.5.6/node_modules/postcss: Can't follow symlink without -L/--copy-links
2025/09/16 05:52:47 NOTICE: node_modules/.pnpm/postcss-loader@8.2.0_postcss@8.4.47_typescript@5.9.2/node_modules/jiti: Can't follow symlink without -L/--copy-links
2025/09/16 05:52:47 NOTICE: node_modules/.pnpm/postcss-loader@8.2.0_postcss@8.4.47_typescript@5.9.2/node_modules/semver: Can't follow symlink without -L/--copy-links
2025/09/16 05:52:47 NOTICE: node_modules/.pnpm/postcss-loader@8.2.0_postcss@8.4.47_typescript@5.9.2/node_modules/cosmiconfig: Can't follow symlink without -L/--copy-links
2025/09/16 05:52:47 NOTICE: node_modules/.pnpm/postcss-loader@8.2.0_postcss@8.4.47_typescript@5.9.2/node_modules/postcss: Can't follow symlink without -L/--copy-links
2025/09/16 05:52:49 NOTICE: node_modules/.pnpm/postcss-loader@8.2.0_postcss@8.5.6_typescript@5.9.2/node_modules/semver: Can't follow symlink without -L/--copy-links
2025/09/16 05:52:49 NOTICE: node_modules/.pnpm/postcss-loader@8.2.0_postcss@8.5.6_typescript@5.9.2/node_modules/jiti: Can't follow symlink without -L/--copy-links
2025/09/16 05:52:49 NOTICE: node_modules/.pnpm/postcss-loader@8.2.0_postcss@8.5.6_typescript@5.9.2/node_modules/cosmiconfig: Can't follow symlink without -L/--copy-links
2025/09/16 05:52:49 NOTICE: node_modules/.pnpm/postcss-loader@8.2.0_postcss@8.5.6_typescript@5.9.2/node_modules/postcss: Can't follow symlink without -L/--copy-links
2025/09/16 05:52:51 NOTICE: node_modules/.pnpm/postcss-nested@6.2.0_postcss@8.5.6/node_modules/postcss-selector-parser: Can't follow symlink without -L/--copy-links
2025/09/16 05:52:51 NOTICE: node_modules/.pnpm/postcss-nested@6.2.0_postcss@8.5.6/node_modules/postcss: Can't follow symlink without -L/--copy-links
2025/09/16 05:52:53 NOTICE: node_modules/.pnpm/postcss-selector-parser@6.1.2/node_modules/util-deprecate: Can't follow symlink without -L/--copy-links
2025/09/16 05:52:53 NOTICE: node_modules/.pnpm/postcss-selector-parser@6.1.2/node_modules/cssesc: Can't follow symlink without -L/--copy-links
2025/09/16 05:52:53 NOTICE: node_modules/.pnpm/node_modules/@alloc/quick-lru: Can't follow symlink without -L/--copy-links
2025/09/16 05:52:53 NOTICE: node_modules/.pnpm/node_modules/@babel/code-frame: Can't follow symlink without -L/--copy-links
2025/09/16 05:52:53 NOTICE: node_modules/.pnpm/node_modules/@babel/helper-validator-identifier: Can't follow symlink without -L/--copy-links
2025/09/16 05:52:54 NOTICE: node_modules/.pnpm/postcss@8.4.31/node_modules/nanoid: Can't follow symlink without -L/--copy-links
2025/09/16 05:52:54 NOTICE: node_modules/.pnpm/postcss@8.4.31/node_modules/picocolors: Can't follow symlink without -L/--copy-links
2025/09/16 05:52:54 NOTICE: node_modules/.pnpm/postcss@8.4.31/node_modules/source-map-js: Can't follow symlink without -L/--copy-links
2025/09/16 05:52:54 NOTICE: node_modules/.pnpm/postcss@8.4.47/node_modules/picocolors: Can't follow symlink without -L/--copy-links
2025/09/16 05:52:54 NOTICE: node_modules/.pnpm/postcss@8.4.47/node_modules/nanoid: Can't follow symlink without -L/--copy-links
2025/09/16 05:52:54 NOTICE: node_modules/.pnpm/postcss@8.4.47/node_modules/source-map-js: Can't follow symlink without -L/--copy-links
2025/09/16 05:52:57 NOTICE: node_modules/.pnpm/node_modules/@eslint-community/eslint-utils: Can't follow symlink without -L/--copy-links
2025/09/16 05:52:57 NOTICE: node_modules/.pnpm/node_modules/@eslint-community/regexpp: Can't follow symlink without -L/--copy-links
2025/09/16 05:52:57 NOTICE: node_modules/.pnpm/postcss@8.5.6/node_modules/picocolors: Can't follow symlink without -L/--copy-links
2025/09/16 05:52:57 NOTICE: node_modules/.pnpm/postcss@8.5.6/node_modules/nanoid: Can't follow symlink without -L/--copy-links
2025/09/16 05:52:57 NOTICE: node_modules/.pnpm/postcss@8.5.6/node_modules/source-map-js: Can't follow symlink without -L/--copy-links
2025/09/16 05:52:58 NOTICE: node_modules/.pnpm/node_modules/@eslint/config-helpers: Can't follow symlink without -L/--copy-links
2025/09/16 05:52:58 NOTICE: node_modules/.pnpm/node_modules/@eslint/core: Can't follow symlink without -L/--copy-links
2025/09/16 05:52:58 NOTICE: node_modules/.pnpm/node_modules/@eslint/js: Can't follow symlink without -L/--copy-links
2025/09/16 05:52:58 NOTICE: node_modules/.pnpm/node_modules/@eslint/config-array: Can't follow symlink without -L/--copy-links
2025/09/16 05:52:58 NOTICE: node_modules/.pnpm/node_modules/@eslint/eslintrc: Can't follow symlink without -L/--copy-links
2025/09/16 05:52:58 NOTICE: node_modules/.pnpm/node_modules/@eslint/plugin-kit: Can't follow symlink without -L/--copy-links
2025/09/16 05:52:58 NOTICE: node_modules/.pnpm/node_modules/@eslint/object-schema: Can't follow symlink without -L/--copy-links
2025/09/16 05:52:59 NOTICE: node_modules/.pnpm/node_modules/@humanfs/node: Can't follow symlink without -L/--copy-links
2025/09/16 05:52:59 NOTICE: node_modules/.pnpm/node_modules/@humanfs/core: Can't follow symlink without -L/--copy-links
2025/09/16 05:52:59 NOTICE: node_modules/.pnpm/node_modules/@humanwhocodes/module-importer: Can't follow symlink without -L/--copy-links
2025/09/16 05:52:59 NOTICE: node_modules/.pnpm/node_modules/@humanwhocodes/retry: Can't follow symlink without -L/--copy-links
2025/09/16 05:53:03 NOTICE: node_modules/.pnpm/node_modules/@isaacs/fs-minipass: Can't follow symlink without -L/--copy-links
2025/09/16 05:53:03 NOTICE: node_modules/.pnpm/node_modules/@isaacs/cliui: Can't follow symlink without -L/--copy-links
2025/09/16 05:53:03 NOTICE: node_modules/.pnpm/react-dom@18.3.1_react@18.3.1/node_modules/loose-envify: Can't follow symlink without -L/--copy-links
2025/09/16 05:53:03 NOTICE: node_modules/.pnpm/react-dom@18.3.1_react@18.3.1/node_modules/scheduler: Can't follow symlink without -L/--copy-links
2025/09/16 05:53:03 NOTICE: node_modules/.pnpm/react-dom@18.3.1_react@18.3.1/node_modules/react: Can't follow symlink without -L/--copy-links
2025/09/16 05:53:04 NOTICE: node_modules/.pnpm/react@18.3.1/node_modules/loose-envify: Can't follow symlink without -L/--copy-links
2025/09/16 05:53:57 NOTICE: node_modules/.pnpm/node_modules/@jridgewell/remapping: Can't follow symlink without -L/--copy-links
2025/09/16 05:53:57 NOTICE: node_modules/.pnpm/node_modules/@jridgewell/gen-mapping: Can't follow symlink without -L/--copy-links
2025/09/16 05:53:57 NOTICE: node_modules/.pnpm/node_modules/@jridgewell/trace-mapping: Can't follow symlink without -L/--copy-links
2025/09/16 05:53:57 NOTICE: node_modules/.pnpm/node_modules/@jridgewell/sourcemap-codec: Can't follow symlink without -L/--copy-links
2025/09/16 05:53:57 NOTICE: node_modules/.pnpm/node_modules/@jridgewell/resolve-uri: Can't follow symlink without -L/--copy-links
2025/09/16 05:53:57 NOTICE: node_modules/.pnpm/read-cache@1.0.0/node_modules/pify: Can't follow symlink without -L/--copy-links
2025/09/16 05:53:59 NOTICE: node_modules/.pnpm/node_modules/@next/env: Can't follow symlink without -L/--copy-links
2025/09/16 05:53:59 NOTICE: node_modules/.pnpm/readdirp@3.6.0/node_modules/picomatch: Can't follow symlink without -L/--copy-links
2025/09/16 05:54:00 NOTICE: node_modules/.pnpm/node_modules/@nodelib/fs.walk: Can't follow symlink without -L/--copy-links
2025/09/16 05:54:00 NOTICE: node_modules/.pnpm/node_modules/@nodelib/fs.stat: Can't follow symlink without -L/--copy-links
2025/09/16 05:54:00 NOTICE: node_modules/.pnpm/node_modules/@nodelib/fs.scandir: Can't follow symlink without -L/--copy-links
2025/09/16 05:54:01 NOTICE: node_modules/.pnpm/node_modules/@pkgjs/parseargs: Can't follow symlink without -L/--copy-links
2025/09/16 05:54:04 NOTICE: node_modules/.pnpm/resolve@1.22.10/node_modules/is-core-module: Can't follow symlink without -L/--copy-links
2025/09/16 05:54:04 NOTICE: node_modules/.pnpm/resolve@1.22.10/node_modules/supports-preserve-symlinks-flag: Can't follow symlink without -L/--copy-links
2025/09/16 05:54:04 NOTICE: node_modules/.pnpm/resolve@1.22.10/node_modules/path-parse: Can't follow symlink without -L/--copy-links
2025/09/16 05:54:05 NOTICE: node_modules/.pnpm/node_modules/@swc/helpers: Can't follow symlink without -L/--copy-links
2025/09/16 05:54:46 NOTICE: node_modules/.pnpm/node_modules/@tailwindcss/oxide: Can't follow symlink without -L/--copy-links
2025/09/16 05:54:46 NOTICE: node_modules/.pnpm/node_modules/@tailwindcss/oxide-android-arm64: Can't follow symlink without -L/--copy-links
2025/09/16 05:54:46 NOTICE: node_modules/.pnpm/node_modules/@tailwindcss/node: Can't follow symlink without -L/--copy-links
2025/09/16 05:54:46 NOTICE: node_modules/.pnpm/run-parallel@1.2.0/node_modules/queue-microtask: Can't follow symlink without -L/--copy-links
2025/09/16 05:54:48 NOTICE: node_modules/.pnpm/node_modules/@types/json-schema: Can't follow symlink without -L/--copy-links
2025/09/16 05:54:48 NOTICE: node_modules/.pnpm/node_modules/@types/estree: Can't follow symlink without -L/--copy-links
2025/09/16 05:54:49 NOTICE: node_modules/.pnpm/scheduler@0.23.2/node_modules/loose-envify: Can't follow symlink without -L/--copy-links
2025/09/16 05:54:56 NOTICE: node_modules/.pnpm/sharp@0.34.3/node_modules/semver: Can't follow symlink without -L/--copy-links
2025/09/16 05:54:56 NOTICE: node_modules/.pnpm/sharp@0.34.3/node_modules/detect-libc: Can't follow symlink without -L/--copy-links
2025/09/16 05:54:56 NOTICE: node_modules/.pnpm/sharp@0.34.3/node_modules/color: Can't follow symlink without -L/--copy-links
2025/09/16 05:54:58 NOTICE: node_modules/.pnpm/shebang-command@2.0.0/node_modules/shebang-regex: Can't follow symlink without -L/--copy-links
2025/09/16 05:54:59 NOTICE: node_modules/.pnpm/simple-swizzle@0.2.4/node_modules/is-arrayish: Can't follow symlink without -L/--copy-links
2025/09/16 05:55:04 NOTICE: node_modules/.pnpm/string-width@4.2.3/node_modules/strip-ansi: Can't follow symlink without -L/--copy-links
2025/09/16 05:55:04 NOTICE: node_modules/.pnpm/string-width@4.2.3/node_modules/is-fullwidth-code-point: Can't follow symlink without -L/--copy-links
2025/09/16 05:55:04 NOTICE: node_modules/.pnpm/string-width@4.2.3/node_modules/emoji-regex: Can't follow symlink without -L/--copy-links
2025/09/16 05:55:59 NOTICE: node_modules/.pnpm/string-width@5.1.2/node_modules/strip-ansi: Can't follow symlink without -L/--copy-links
2025/09/16 05:55:59 NOTICE: node_modules/.pnpm/string-width@5.1.2/node_modules/eastasianwidth: Can't follow symlink without -L/--copy-links
2025/09/16 05:55:59 NOTICE: node_modules/.pnpm/string-width@5.1.2/node_modules/emoji-regex: Can't follow symlink without -L/--copy-links
2025/09/16 05:55:59 NOTICE: node_modules/.pnpm/strip-ansi@6.0.1/node_modules/ansi-regex: Can't follow symlink without -L/--copy-links
2025/09/16 05:56:01 NOTICE: node_modules/.pnpm/strip-ansi@7.1.2/node_modules/ansi-regex: Can't follow symlink without -L/--copy-links
2025/09/16 05:56:03 NOTICE: node_modules/.pnpm/styled-jsx@5.1.6_react@18.3.1/node_modules/client-only: Can't follow symlink without -L/--copy-links
2025/09/16 05:56:03 NOTICE: node_modules/.pnpm/styled-jsx@5.1.6_react@18.3.1/node_modules/react: Can't follow symlink without -L/--copy-links
2025/09/16 05:56:03 NOTICE: node_modules/.pnpm/sucrase@3.35.0/node_modules/lines-and-columns: Can't follow symlink without -L/--copy-links
2025/09/16 05:56:03 NOTICE: node_modules/.pnpm/sucrase@3.35.0/node_modules/mz: Can't follow symlink without -L/--copy-links
2025/09/16 05:56:03 NOTICE: node_modules/.pnpm/sucrase@3.35.0/node_modules/commander: Can't follow symlink without -L/--copy-links
2025/09/16 05:56:03 NOTICE: node_modules/.pnpm/sucrase@3.35.0/node_modules/ts-interface-checker: Can't follow symlink without -L/--copy-links
2025/09/16 05:56:03 NOTICE: node_modules/.pnpm/sucrase@3.35.0/node_modules/glob: Can't follow symlink without -L/--copy-links
2025/09/16 05:56:03 NOTICE: node_modules/.pnpm/sucrase@3.35.0/node_modules/pirates: Can't follow symlink without -L/--copy-links
2025/09/16 05:56:04 NOTICE: node_modules/.pnpm/supports-color@7.2.0/node_modules/has-flag: Can't follow symlink without -L/--copy-links
2025/09/16 05:56:48 NOTICE: node_modules/.pnpm/tailwindcss@3.4.14/node_modules/arg: Can't follow symlink without -L/--copy-links
2025/09/16 05:56:48 NOTICE: node_modules/.pnpm/tailwindcss@3.4.14/node_modules/dlv: Can't follow symlink without -L/--copy-links
2025/09/16 05:56:48 NOTICE: node_modules/.pnpm/tailwindcss@3.4.14/node_modules/jiti: Can't follow symlink without -L/--copy-links
2025/09/16 05:56:48 NOTICE: node_modules/.pnpm/tailwindcss@3.4.14/node_modules/is-glob: Can't follow symlink without -L/--copy-links
2025/09/16 05:56:48 NOTICE: node_modules/.pnpm/tailwindcss@3.4.14/node_modules/normalize-path: Can't follow symlink without -L/--copy-links
2025/09/16 05:56:48 NOTICE: node_modules/.pnpm/tailwindcss@3.4.14/node_modules/picocolors: Can't follow symlink without -L/--copy-links
2025/09/16 05:56:48 NOTICE: node_modules/.pnpm/tailwindcss@3.4.14/node_modules/postcss-import: Can't follow symlink without -L/--copy-links
2025/09/16 05:56:48 NOTICE: node_modules/.pnpm/tailwindcss@3.4.14/node_modules/glob-parent: Can't follow symlink without -L/--copy-links
2025/09/16 05:56:48 NOTICE: node_modules/.pnpm/tailwindcss@3.4.14/node_modules/lilconfig: Can't follow symlink without -L/--copy-links
2025/09/16 05:56:48 NOTICE: node_modules/.pnpm/tailwindcss@3.4.14/node_modules/postcss-js: Can't follow symlink without -L/--copy-links
2025/09/16 05:56:48 NOTICE: node_modules/.pnpm/tailwindcss@3.4.14/node_modules/didyoumean: Can't follow symlink without -L/--copy-links
2025/09/16 05:56:48 NOTICE: node_modules/.pnpm/tailwindcss@3.4.14/node_modules/object-hash: Can't follow symlink without -L/--copy-links
2025/09/16 05:56:48 NOTICE: node_modules/.pnpm/tailwindcss@3.4.14/node_modules/micromatch: Can't follow symlink without -L/--copy-links
2025/09/16 05:56:48 NOTICE: node_modules/.pnpm/tailwindcss@3.4.14/node_modules/resolve: Can't follow symlink without -L/--copy-links
2025/09/16 05:56:48 NOTICE: node_modules/.pnpm/tailwindcss@3.4.14/node_modules/fast-glob: Can't follow symlink without -L/--copy-links
2025/09/16 05:56:48 NOTICE: node_modules/.pnpm/tailwindcss@3.4.14/node_modules/sucrase: Can't follow symlink without -L/--copy-links
2025/09/16 05:56:48 NOTICE: node_modules/.pnpm/tailwindcss@3.4.14/node_modules/postcss-load-config: Can't follow symlink without -L/--copy-links
2025/09/16 05:56:48 NOTICE: node_modules/.pnpm/tailwindcss@3.4.14/node_modules/postcss: Can't follow symlink without -L/--copy-links
2025/09/16 05:56:48 NOTICE: node_modules/.pnpm/tailwindcss@3.4.14/node_modules/postcss-nested: Can't follow symlink without -L/--copy-links
2025/09/16 05:56:48 NOTICE: node_modules/.pnpm/tailwindcss@3.4.14/node_modules/chokidar: Can't follow symlink without -L/--copy-links
2025/09/16 05:56:48 NOTICE: node_modules/.pnpm/tailwindcss@3.4.14/node_modules/postcss-selector-parser: Can't follow symlink without -L/--copy-links
2025/09/16 05:56:52 NOTICE: node_modules/.pnpm/sucrase@3.35.0/node_modules/@jridgewell/gen-mapping: Can't follow symlink without -L/--copy-links
2025/09/16 05:56:55 NOTICE: node_modules/.pnpm/tar@7.4.3/node_modules/chownr: Can't follow symlink without -L/--copy-links
2025/09/16 05:56:55 NOTICE: node_modules/.pnpm/tar@7.4.3/node_modules/yallist: Can't follow symlink without -L/--copy-links
2025/09/16 05:56:55 NOTICE: node_modules/.pnpm/tar@7.4.3/node_modules/mkdirp: Can't follow symlink without -L/--copy-links
2025/09/16 05:56:55 NOTICE: node_modules/.pnpm/tar@7.4.3/node_modules/minizlib: Can't follow symlink without -L/--copy-links
2025/09/16 05:56:55 NOTICE: node_modules/.pnpm/tar@7.4.3/node_modules/minipass: Can't follow symlink without -L/--copy-links
2025/09/16 05:56:56 NOTICE: node_modules/.pnpm/thenify-all@1.6.0/node_modules/thenify: Can't follow symlink without -L/--copy-links
2025/09/16 05:57:01 NOTICE: node_modules/.pnpm/tailwindcss@3.4.14/node_modules/@alloc/quick-lru: Can't follow symlink without -L/--copy-links
2025/09/16 05:57:01 NOTICE: node_modules/.pnpm/thenify@3.3.1/node_modules/any-promise: Can't follow symlink without -L/--copy-links
2025/09/16 05:57:01 NOTICE: node_modules/.pnpm/to-regex-range@5.0.1/node_modules/is-number: Can't follow symlink without -L/--copy-links
2025/09/16 05:57:25 NOTICE: node_modules/.pnpm/tar@7.4.3/node_modules/@isaacs/fs-minipass: Can't follow symlink without -L/--copy-links
2025/09/16 05:57:28 NOTICE: node_modules/.pnpm/type-check@0.4.0/node_modules/prelude-ls: Can't follow symlink without -L/--copy-links
2025/09/16 05:57:41 NOTICE: node_modules/.pnpm/update-browserslist-db@1.1.3_browserslist@4.26.0/node_modules/picocolors: Can't follow symlink without -L/--copy-links
2025/09/16 05:57:41 NOTICE: node_modules/.pnpm/update-browserslist-db@1.1.3_browserslist@4.26.0/node_modules/escalade: Can't follow symlink without -L/--copy-links
2025/09/16 05:57:41 NOTICE: node_modules/.pnpm/update-browserslist-db@1.1.3_browserslist@4.26.0/node_modules/browserslist: Can't follow symlink without -L/--copy-links
2025/09/16 05:57:44 NOTICE: node_modules/.pnpm/uri-js@4.4.1/node_modules/punycode: Can't follow symlink without -L/--copy-links
2025/09/16 05:57:49 NOTICE: node_modules/.pnpm/which@2.0.2/node_modules/isexe: Can't follow symlink without -L/--copy-links
2025/09/16 05:58:56 NOTICE: node_modules/.pnpm/wrap-ansi@7.0.0/node_modules/strip-ansi: Can't follow symlink without -L/--copy-links
2025/09/16 05:58:56 NOTICE: node_modules/.pnpm/wrap-ansi@7.0.0/node_modules/string-width: Can't follow symlink without -L/--copy-links
2025/09/16 05:58:56 NOTICE: node_modules/.pnpm/wrap-ansi@7.0.0/node_modules/ansi-styles: Can't follow symlink without -L/--copy-links
2025/09/16 05:58:59 NOTICE: node_modules/.pnpm/wrap-ansi@8.1.0/node_modules/strip-ansi: Can't follow symlink without -L/--copy-links
2025/09/16 05:58:59 NOTICE: node_modules/.pnpm/wrap-ansi@8.1.0/node_modules/string-width: Can't follow symlink without -L/--copy-links
2025/09/16 05:58:59 NOTICE: node_modules/.pnpm/wrap-ansi@8.1.0/node_modules/ansi-styles: Can't follow symlink without -L/--copy-links
